<?xml version="1.0" encoding="UTF-8"?>
<coverage generated="1682881907085" clover="3.2.0">
  <project timestamp="1682881907085" name="All files">
    <metrics statements="269" coveredstatements="269" conditionals="48" coveredconditionals="48" methods="68" coveredmethods="67" elements="385" coveredelements="384" complexity="0" loc="269" ncloc="269" packages="9" files="22" classes="22"/>
    <package name="api">
      <metrics statements="4" coveredstatements="4" conditionals="0" coveredconditionals="0" methods="1" coveredmethods="1"/>
      <file name="getJobs.js" path="C:\xampp_1\htdocs\UDEMY_VUE_MASTERCLASS\UDEMY_VUE_MASTERCLASS\job-search\src\api\getJobs.js">
        <metrics statements="4" coveredstatements="4" conditionals="0" coveredconditionals="0" methods="1" coveredmethods="1"/>
        <line num="3" count="2" type="stmt"/>
        <line num="4" count="2" type="stmt"/>
        <line num="5" count="2" type="stmt"/>
        <line num="6" count="2" type="stmt"/>
      </file>
    </package>
    <package name="assets">
      <metrics statements="1" coveredstatements="1" conditionals="0" coveredconditionals="0" methods="0" coveredmethods="0"/>
      <file name="PngItem_1030588.png" path="C:\xampp_1\htdocs\UDEMY_VUE_MASTERCLASS\UDEMY_VUE_MASTERCLASS\job-search\src\assets\PngItem_1030588.png">
        <metrics statements="1" coveredstatements="1" conditionals="0" coveredconditionals="0" methods="0" coveredmethods="0"/>
        <line num="1" count="2" type="stmt"/>
      </file>
    </package>
    <package name="components.JobResults">
      <metrics statements="43" coveredstatements="43" conditionals="4" coveredconditionals="4" methods="10" coveredmethods="10"/>
      <file name="JobListing.vue" path="C:\xampp_1\htdocs\UDEMY_VUE_MASTERCLASS\UDEMY_VUE_MASTERCLASS\job-search\src\components\JobResults\JobListing.vue">
        <metrics statements="24" coveredstatements="24" conditionals="0" coveredconditionals="0" methods="6" coveredmethods="6"/>
        <line num="4" count="2" type="stmt"/>
        <line num="7" count="2" type="stmt"/>
        <line num="8" count="2" type="stmt"/>
        <line num="18" count="5" type="stmt"/>
        <line num="24" count="2" type="stmt"/>
        <line num="26" count="2" type="stmt"/>
        <line num="29" count="2" type="stmt"/>
        <line num="30" count="2" type="stmt"/>
        <line num="31" count="2" type="stmt"/>
        <line num="34" count="2" type="stmt"/>
        <line num="37" count="2" type="stmt"/>
        <line num="40" count="2" type="stmt"/>
        <line num="43" count="2" type="stmt"/>
        <line num="46" count="2" type="stmt"/>
        <line num="49" count="2" type="stmt"/>
        <line num="52" count="2" type="stmt"/>
        <line num="55" count="2" type="stmt"/>
        <line num="59" count="5" type="stmt"/>
        <line num="60" count="5" type="stmt"/>
        <line num="64" count="5" type="stmt"/>
        <line num="65" count="6" type="stmt"/>
        <line num="70" count="6" type="stmt"/>
        <line num="77" count="5" type="stmt"/>
        <line num="82" count="2" type="stmt"/>
      </file>
      <file name="JobListings.vue" path="C:\xampp_1\htdocs\UDEMY_VUE_MASTERCLASS\UDEMY_VUE_MASTERCLASS\job-search\src\components\JobResults\JobListings.vue">
        <metrics statements="19" coveredstatements="19" conditionals="4" coveredconditionals="4" methods="4" coveredmethods="4"/>
        <line num="4" count="1" type="stmt"/>
        <line num="5" count="1" type="stmt"/>
        <line num="8" count="1" type="stmt"/>
        <line num="134" count="1" type="stmt"/>
        <line num="136" count="1" type="stmt"/>
        <line num="139" count="1" type="stmt"/>
        <line num="140" count="1" type="stmt"/>
        <line num="141" count="1" type="stmt"/>
        <line num="144" count="1" type="stmt"/>
        <line num="147" count="1" type="stmt"/>
        <line num="150" count="1" type="stmt"/>
        <line num="153" count="1" type="stmt"/>
        <line num="157" count="8" type="stmt"/>
        <line num="158" count="8" type="stmt"/>
        <line num="159" count="8" type="stmt"/>
        <line num="160" count="30" type="stmt"/>
        <line num="176" count="4" type="stmt"/>
        <line num="189" count="2" type="stmt"/>
        <line num="192" count="1" type="stmt"/>
      </file>
    </package>
    <package name="components.JobResults.JobFiltersSidebar">
      <metrics statements="37" coveredstatements="37" conditionals="12" coveredconditionals="12" methods="10" coveredmethods="10"/>
      <file name="JobFiltersSidebarJobTypes.vue" path="C:\xampp_1\htdocs\UDEMY_VUE_MASTERCLASS\UDEMY_VUE_MASTERCLASS\job-search\src\components\JobResults\JobFiltersSidebar\JobFiltersSidebarJobTypes.vue">
        <metrics statements="19" coveredstatements="19" conditionals="6" coveredconditionals="6" methods="5" coveredmethods="5"/>
        <line num="4" count="1" type="stmt"/>
        <line num="5" count="1" type="stmt"/>
        <line num="8" count="1" type="stmt"/>
        <line num="9" count="1" type="stmt"/>
        <line num="74" count="1" type="stmt"/>
        <line num="76" count="1" type="stmt"/>
        <line num="79" count="1" type="stmt"/>
        <line num="80" count="1" type="stmt"/>
        <line num="81" count="1" type="stmt"/>
        <line num="84" count="1" type="stmt"/>
        <line num="87" count="1" type="stmt"/>
        <line num="88" count="1" type="stmt"/>
        <line num="90" count="2" type="stmt"/>
        <line num="91" count="2" type="stmt"/>
        <line num="94" count="3" type="stmt"/>
        <line num="95" count="6" type="stmt"/>
        <line num="100" count="1" type="cond" truecount="2" falsecount="0"/>
        <line num="106" count="1" type="cond" truecount="2" falsecount="0"/>
        <line num="115" count="1" type="stmt"/>
      </file>
      <file name="JobFiltersSidebarOrganizations.vue" path="C:\xampp_1\htdocs\UDEMY_VUE_MASTERCLASS\UDEMY_VUE_MASTERCLASS\job-search\src\components\JobResults\JobFiltersSidebar\JobFiltersSidebarOrganizations.vue">
        <metrics statements="18" coveredstatements="18" conditionals="6" coveredconditionals="6" methods="5" coveredmethods="5"/>
        <line num="4" count="1" type="stmt"/>
        <line num="5" count="1" type="stmt"/>
        <line num="8" count="1" type="stmt"/>
        <line num="70" count="1" type="stmt"/>
        <line num="72" count="1" type="stmt"/>
        <line num="75" count="1" type="stmt"/>
        <line num="76" count="1" type="stmt"/>
        <line num="77" count="1" type="stmt"/>
        <line num="80" count="1" type="stmt"/>
        <line num="83" count="1" type="stmt"/>
        <line num="84" count="1" type="stmt"/>
        <line num="86" count="2" type="stmt"/>
        <line num="87" count="2" type="stmt"/>
        <line num="90" count="3" type="stmt"/>
        <line num="91" count="6" type="stmt"/>
        <line num="96" count="1" type="cond" truecount="2" falsecount="0"/>
        <line num="102" count="1" type="cond" truecount="2" falsecount="0"/>
        <line num="111" count="1" type="stmt"/>
      </file>
    </package>
    <package name="components.JobSearch">
      <metrics statements="45" coveredstatements="45" conditionals="8" coveredconditionals="8" methods="7" coveredmethods="7"/>
      <file name="Headline.vue" path="C:\xampp_1\htdocs\UDEMY_VUE_MASTERCLASS\UDEMY_VUE_MASTERCLASS\job-search\src\components\JobSearch\Headline.vue">
        <metrics statements="13" coveredstatements="13" conditionals="0" coveredconditionals="0" methods="1" coveredmethods="1"/>
        <line num="4" count="1" type="stmt"/>
        <line num="5" count="1" type="stmt"/>
        <line num="8" count="1" type="stmt"/>
        <line num="61" count="1" type="stmt"/>
        <line num="63" count="1" type="stmt"/>
        <line num="66" count="1" type="stmt"/>
        <line num="67" count="1" type="stmt"/>
        <line num="68" count="1" type="stmt"/>
        <line num="71" count="1" type="stmt"/>
        <line num="75" count="1" type="stmt"/>
        <line num="76" count="1" type="stmt"/>
        <line num="81" count="7" type="stmt"/>
        <line num="84" count="1" type="stmt"/>
      </file>
      <file name="JobsSearchForm.vue" path="C:\xampp_1\htdocs\UDEMY_VUE_MASTERCLASS\UDEMY_VUE_MASTERCLASS\job-search\src\components\JobSearch\JobsSearchForm.vue">
        <metrics statements="22" coveredstatements="22" conditionals="8" coveredconditionals="8" methods="4" coveredmethods="4"/>
        <line num="4" count="1" type="stmt"/>
        <line num="5" count="1" type="stmt"/>
        <line num="8" count="1" type="stmt"/>
        <line num="9" count="1" type="stmt"/>
        <line num="70" count="1" type="stmt"/>
        <line num="72" count="1" type="stmt"/>
        <line num="75" count="1" type="stmt"/>
        <line num="76" count="1" type="stmt"/>
        <line num="77" count="1" type="stmt"/>
        <line num="80" count="1" type="stmt"/>
        <line num="83" count="1" type="stmt"/>
        <line num="87" count="1" type="stmt"/>
        <line num="90" count="1" type="stmt"/>
        <line num="93" count="1" type="stmt"/>
        <line num="99" count="3" type="stmt"/>
        <line num="100" count="3" type="stmt"/>
        <line num="101" count="3" type="stmt"/>
        <line num="102" count="3" type="stmt"/>
        <line num="105" count="1" type="cond" truecount="2" falsecount="0"/>
        <line num="112" count="1" type="cond" truecount="2" falsecount="0"/>
        <line num="117" count="1" type="cond" truecount="2" falsecount="0"/>
        <line num="126" count="1" type="stmt"/>
      </file>
      <file name="Spotlight.vue" path="C:\xampp_1\htdocs\UDEMY_VUE_MASTERCLASS\UDEMY_VUE_MASTERCLASS\job-search\src\components\JobSearch\Spotlight.vue">
        <metrics statements="10" coveredstatements="10" conditionals="0" coveredconditionals="0" methods="2" coveredmethods="2"/>
        <line num="4" count="1" type="stmt"/>
        <line num="5" count="1" type="stmt"/>
        <line num="8" count="1" type="stmt"/>
        <line num="34" count="1" type="stmt"/>
        <line num="36" count="1" type="stmt"/>
        <line num="39" count="1" type="stmt"/>
        <line num="40" count="1" type="stmt"/>
        <line num="42" count="6" type="stmt"/>
        <line num="43" count="3" type="stmt"/>
        <line num="51" count="1" type="stmt"/>
      </file>
    </package>
    <package name="components.Navigation">
      <metrics statements="45" coveredstatements="45" conditionals="8" coveredconditionals="8" methods="7" coveredmethods="7"/>
      <file name="MainNav.vue" path="C:\xampp_1\htdocs\UDEMY_VUE_MASTERCLASS\UDEMY_VUE_MASTERCLASS\job-search\src\components\Navigation\MainNav.vue">
        <metrics statements="22" coveredstatements="22" conditionals="6" coveredconditionals="6" methods="5" coveredmethods="5"/>
        <line num="4" count="1" type="stmt"/>
        <line num="5" count="1" type="stmt"/>
        <line num="8" count="1" type="stmt"/>
        <line num="118" count="1" type="stmt"/>
        <line num="120" count="1" type="stmt"/>
        <line num="123" count="1" type="stmt"/>
        <line num="124" count="1" type="stmt"/>
        <line num="125" count="1" type="stmt"/>
        <line num="128" count="1" type="stmt"/>
        <line num="131" count="1" type="stmt"/>
        <line num="134" count="1" type="stmt"/>
        <line num="137" count="1" type="stmt"/>
        <line num="141" count="6" type="stmt"/>
        <line num="142" count="6" type="stmt"/>
        <line num="143" count="6" type="stmt"/>
        <line num="144" count="6" type="stmt"/>
        <line num="145" count="6" type="stmt"/>
        <line num="153" count="6" type="stmt"/>
        <line num="156" count="36" type="stmt"/>
        <line num="164" count="36" type="stmt"/>
        <line num="176" count="1" type="cond" truecount="2" falsecount="0"/>
        <line num="181" count="1" type="stmt"/>
      </file>
      <file name="ProfileImage.vue" path="C:\xampp_1\htdocs\UDEMY_VUE_MASTERCLASS\UDEMY_VUE_MASTERCLASS\job-search\src\components\Navigation\ProfileImage.vue">
        <metrics statements="10" coveredstatements="10" conditionals="0" coveredconditionals="0" methods="1" coveredmethods="1"/>
        <line num="4" count="2" type="stmt"/>
        <line num="5" count="2" type="stmt"/>
        <line num="8" count="2" type="stmt"/>
        <line num="27" count="2" type="stmt"/>
        <line num="29" count="2" type="stmt"/>
        <line num="32" count="2" type="stmt"/>
        <line num="33" count="2" type="stmt"/>
        <line num="34" count="2" type="stmt"/>
        <line num="36" count="1" type="stmt"/>
        <line num="40" count="2" type="stmt"/>
      </file>
      <file name="SubNav.vue" path="C:\xampp_1\htdocs\UDEMY_VUE_MASTERCLASS\UDEMY_VUE_MASTERCLASS\job-search\src\components\Navigation\SubNav.vue">
        <metrics statements="13" coveredstatements="13" conditionals="2" coveredconditionals="2" methods="1" coveredmethods="1"/>
        <line num="4" count="2" type="stmt"/>
        <line num="7" count="2" type="stmt"/>
        <line num="41" count="2" type="stmt"/>
        <line num="43" count="2" type="stmt"/>
        <line num="46" count="2" type="stmt"/>
        <line num="47" count="2" type="stmt"/>
        <line num="48" count="2" type="stmt"/>
        <line num="51" count="2" type="stmt"/>
        <line num="54" count="2" type="stmt"/>
        <line num="58" count="2" type="stmt"/>
        <line num="62" count="2" type="stmt"/>
        <line num="63" count="2" type="cond" truecount="2" falsecount="0"/>
        <line num="67" count="2" type="stmt"/>
      </file>
    </package>
    <package name="components.Shared">
      <metrics statements="53" coveredstatements="53" conditionals="12" coveredconditionals="12" methods="15" coveredmethods="14"/>
      <file name="Accordion.vue" path="C:\xampp_1\htdocs\UDEMY_VUE_MASTERCLASS\UDEMY_VUE_MASTERCLASS\job-search\src\components\Shared\Accordion.vue">
        <metrics statements="19" coveredstatements="19" conditionals="8" coveredconditionals="8" methods="6" coveredmethods="6"/>
        <line num="4" count="3" type="stmt"/>
        <line num="7" count="3" type="stmt"/>
        <line num="8" count="3" type="stmt"/>
        <line num="17" count="6" type="stmt"/>
        <line num="23" count="12" type="cond" truecount="2" falsecount="0"/>
        <line num="28" count="6" type="stmt"/>
        <line num="34" count="3" type="stmt"/>
        <line num="36" count="3" type="stmt"/>
        <line num="39" count="3" type="stmt"/>
        <line num="40" count="3" type="stmt"/>
        <line num="41" count="3" type="stmt"/>
        <line num="44" count="3" type="stmt"/>
        <line num="47" count="3" type="stmt"/>
        <line num="51" count="3" type="stmt"/>
        <line num="54" count="14" type="stmt"/>
        <line num="55" count="14" type="stmt"/>
        <line num="59" count="6" type="cond" truecount="2" falsecount="0"/>
        <line num="63" count="1" type="cond" truecount="2" falsecount="0"/>
        <line num="64" count="3" type="stmt"/>
      </file>
      <file name="ActionButton.vue" path="C:\xampp_1\htdocs\UDEMY_VUE_MASTERCLASS\UDEMY_VUE_MASTERCLASS\job-search\src\components\Shared\ActionButton.vue">
        <metrics statements="11" coveredstatements="11" conditionals="0" coveredconditionals="0" methods="3" coveredmethods="3"/>
        <line num="4" count="3" type="stmt"/>
        <line num="7" count="3" type="stmt"/>
        <line num="8" count="3" type="stmt"/>
        <line num="20" count="7" type="stmt"/>
        <line num="26" count="3" type="stmt"/>
        <line num="34" count="3" type="stmt"/>
        <line num="36" count="3" type="stmt"/>
        <line num="39" count="3" type="stmt"/>
        <line num="40" count="3" type="stmt"/>
        <line num="42" count="3" type="stmt"/>
        <line num="45" count="3" type="stmt"/>
      </file>
      <file name="HeaderContainer.vue" path="C:\xampp_1\htdocs\UDEMY_VUE_MASTERCLASS\UDEMY_VUE_MASTERCLASS\job-search\src\components\Shared\HeaderContainer.vue">
        <metrics statements="11" coveredstatements="11" conditionals="0" coveredconditionals="0" methods="3" coveredmethods="2"/>
        <line num="4" count="1" type="stmt"/>
        <line num="7" count="1" type="stmt"/>
        <line num="8" count="1" type="stmt"/>
        <line num="13" count="1" type="stmt"/>
        <line num="15" count="1" type="stmt"/>
        <line num="18" count="1" type="stmt"/>
        <line num="19" count="1" type="stmt"/>
        <line num="20" count="1" type="stmt"/>
        <line num="23" count="1" type="stmt"/>
        <line num="27" count="2" type="stmt"/>
        <line num="28" count="1" type="stmt"/>
      </file>
      <file name="TextInput.vue" path="C:\xampp_1\htdocs\UDEMY_VUE_MASTERCLASS\UDEMY_VUE_MASTERCLASS\job-search\src\components\Shared\TextInput.vue">
        <metrics statements="12" coveredstatements="12" conditionals="4" coveredconditionals="4" methods="3" coveredmethods="3"/>
        <line num="4" count="2" type="stmt"/>
        <line num="7" count="2" type="stmt"/>
        <line num="8" count="2" type="stmt"/>
        <line num="36" count="5" type="stmt"/>
        <line num="42" count="2" type="stmt"/>
        <line num="44" count="2" type="stmt"/>
        <line num="47" count="2" type="stmt"/>
        <line num="48" count="2" type="stmt"/>
        <line num="49" count="2" type="stmt"/>
        <line num="51" count="5" type="stmt"/>
        <line num="57" count="5" type="cond" truecount="2" falsecount="0"/>
        <line num="60" count="2" type="stmt"/>
      </file>
    </package>
    <package name="store">
      <metrics statements="36" coveredstatements="36" conditionals="4" coveredconditionals="4" methods="17" coveredmethods="17"/>
      <file name="actions.js" path="C:\xampp_1\htdocs\UDEMY_VUE_MASTERCLASS\UDEMY_VUE_MASTERCLASS\job-search\src\store\actions.js">
        <metrics statements="3" coveredstatements="3" conditionals="0" coveredconditionals="0" methods="1" coveredmethods="1"/>
        <line num="4" count="1" type="stmt"/>
        <line num="6" count="2" type="stmt"/>
        <line num="7" count="2" type="stmt"/>
      </file>
      <file name="constants.js" path="C:\xampp_1\htdocs\UDEMY_VUE_MASTERCLASS\UDEMY_VUE_MASTERCLASS\job-search\src\store\constants.js">
        <metrics statements="10" coveredstatements="10" conditionals="0" coveredconditionals="0" methods="0" coveredmethods="0"/>
        <line num="2" count="8" type="stmt"/>
        <line num="5" count="8" type="stmt"/>
        <line num="6" count="8" type="stmt"/>
        <line num="7" count="8" type="stmt"/>
        <line num="10" count="8" type="stmt"/>
        <line num="11" count="8" type="stmt"/>
        <line num="13" count="8" type="stmt"/>
        <line num="16" count="8" type="stmt"/>
        <line num="17" count="8" type="stmt"/>
        <line num="19" count="8" type="stmt"/>
      </file>
      <file name="getters.js" path="C:\xampp_1\htdocs\UDEMY_VUE_MASTERCLASS\UDEMY_VUE_MASTERCLASS\job-search\src\store\getters.js">
        <metrics statements="16" coveredstatements="16" conditionals="4" coveredconditionals="4" methods="11" coveredmethods="11"/>
        <line num="11" count="1" type="stmt"/>
        <line num="13" count="1" type="stmt"/>
        <line num="14" count="3" type="stmt"/>
        <line num="15" count="1" type="stmt"/>
        <line num="26" count="1" type="stmt"/>
        <line num="27" count="3" type="stmt"/>
        <line num="28" count="1" type="stmt"/>
        <line num="39" count="2" type="stmt"/>
        <line num="40" count="2" type="cond" truecount="2" falsecount="0"/>
        <line num="41" count="1" type="stmt"/>
        <line num="44" count="2" type="stmt"/>
        <line num="45" count="2" type="cond" truecount="2" falsecount="0"/>
        <line num="46" count="1" type="stmt"/>
        <line num="50" count="1" type="stmt"/>
        <line num="51" count="1" type="stmt"/>
        <line num="52" count="1" type="stmt"/>
      </file>
      <file name="mutations.js" path="C:\xampp_1\htdocs\UDEMY_VUE_MASTERCLASS\UDEMY_VUE_MASTERCLASS\job-search\src\store\mutations.js">
        <metrics statements="5" coveredstatements="5" conditionals="0" coveredconditionals="0" methods="4" coveredmethods="4"/>
        <line num="8" count="1" type="stmt"/>
        <line num="10" count="1" type="stmt"/>
        <line num="13" count="1" type="stmt"/>
        <line num="16" count="1" type="stmt"/>
        <line num="19" count="1" type="stmt"/>
      </file>
      <file name="state.js" path="C:\xampp_1\htdocs\UDEMY_VUE_MASTERCLASS\UDEMY_VUE_MASTERCLASS\job-search\src\store\state.js">
        <metrics statements="2" coveredstatements="2" conditionals="0" coveredconditionals="0" methods="1" coveredmethods="1"/>
        <line num="1" count="1" type="stmt"/>
        <line num="2" count="4" type="stmt"/>
      </file>
    </package>
    <package name="utils">
      <metrics statements="5" coveredstatements="5" conditionals="0" coveredconditionals="0" methods="1" coveredmethods="1"/>
      <file name="nextElementInList.js" path="C:\xampp_1\htdocs\UDEMY_VUE_MASTERCLASS\UDEMY_VUE_MASTERCLASS\job-search\src\utils\nextElementInList.js">
        <metrics statements="5" coveredstatements="5" conditionals="0" coveredconditionals="0" methods="1" coveredmethods="1"/>
        <line num="1" count="2" type="stmt"/>
        <line num="2" count="5" type="stmt"/>
        <line num="3" count="5" type="stmt"/>
        <line num="4" count="5" type="stmt"/>
        <line num="6" count="5" type="stmt"/>
      </file>
    </package>
  </project>
</coverage>
