{"C:\\xampp_1\\htdocs\\UDEMY_VUE_MASTERCLASS\\UDEMY_VUE_MASTERCLASS\\job-search\\src\\api\\getJobs.js": {"path":"C:\\xampp_1\\htdocs\\UDEMY_VUE_MASTERCLASS\\UDEMY_VUE_MASTERCLASS\\job-search\\src\\api\\getJobs.js","statementMap":{"0":{"start":{"line":3,"column":16},"end":{"line":7,"column":1}},"1":{"start":{"line":4,"column":18},"end":{"line":4,"column":45}},"2":{"start":{"line":5,"column":19},"end":{"line":5,"column":53}},"3":{"start":{"line":6,"column":2},"end":{"line":6,"column":23}}},"fnMap":{"0":{"name":"(anonymous_0)","decl":{"start":{"line":3,"column":16},"end":{"line":3,"column":17}},"loc":{"start":{"line":3,"column":28},"end":{"line":7,"column":1}},"line":3}},"branchMap":{},"s":{"0":2,"1":2,"2":2,"3":2},"f":{"0":2},"b":{},"_coverageSchema":"1a1c01bbd47fc00a2c39e90264f33305004495a9","hash":"e0a207a5531bded11668f0ae093458728301a902"}
,"C:\\xampp_1\\htdocs\\UDEMY_VUE_MASTERCLASS\\UDEMY_VUE_MASTERCLASS\\job-search\\src\\assets\\PngItem_1030588.png": {"path":"C:\\xampp_1\\htdocs\\UDEMY_VUE_MASTERCLASS\\UDEMY_VUE_MASTERCLASS\\job-search\\src\\assets\\PngItem_1030588.png","statementMap":{"0":{"start":{"line":1,"column":0},"end":{"line":1,"column":19}}},"fnMap":{},"branchMap":{},"s":{"0":2},"f":{},"b":{},"_coverageSchema":"1a1c01bbd47fc00a2c39e90264f33305004495a9","hash":"4cfcdb5ed33e6a79a71c57151a71efeac2a77ffe"}
,"C:\\xampp_1\\htdocs\\UDEMY_VUE_MASTERCLASS\\UDEMY_VUE_MASTERCLASS\\job-search\\src\\components\\JobResults\\JobListing.vue": {"path":"C:\\xampp_1\\htdocs\\UDEMY_VUE_MASTERCLASS\\UDEMY_VUE_MASTERCLASS\\job-search\\src\\components\\JobResults\\JobListing.vue","statementMap":{"0":{"start":{"line":4,"column":0},"end":{"line":6,"column":3}},"1":{"start":{"line":7,"column":0},"end":{"line":7,"column":25}},"2":{"start":{"line":8,"column":15},"end":{"line":21,"column":1}},"3":{"start":{"line":18,"column":6},"end":{"line":18,"column":44}},"4":{"start":{"line":24,"column":0},"end":{"line":24,"column":13}},"5":{"start":{"line":26,"column":0},"end":{"line":28,"column":3}},"6":{"start":{"line":29,"column":0},"end":{"line":29,"column":24}},"7":{"start":{"line":30,"column":11},"end":{"line":30,"column":25}},"8":{"start":{"line":31,"column":19},"end":{"line":33,"column":1}},"9":{"start":{"line":34,"column":19},"end":{"line":36,"column":1}},"10":{"start":{"line":37,"column":19},"end":{"line":39,"column":1}},"11":{"start":{"line":40,"column":19},"end":{"line":42,"column":1}},"12":{"start":{"line":43,"column":19},"end":{"line":45,"column":1}},"13":{"start":{"line":46,"column":19},"end":{"line":48,"column":1}},"14":{"start":{"line":49,"column":32},"end":{"line":51,"column":39}},"15":{"start":{"line":52,"column":19},"end":{"line":54,"column":1}},"16":{"start":{"line":55,"column":19},"end":{"line":57,"column":1}},"17":{"start":{"line":59,"column":33},"end":{"line":59,"column":74}},"18":{"start":{"line":60,"column":2},"end":{"line":81,"column":30}},"19":{"start":{"line":64,"column":37},"end":{"line":79,"column":34}},"20":{"start":{"line":65,"column":6},"end":{"line":68,"column":60}},"21":{"start":{"line":70,"column":6},"end":{"line":72,"column":65}},"22":{"start":{"line":77,"column":39},"end":{"line":77,"column":76}},"23":{"start":{"line":82,"column":2},"end":{"line":82,"column":49}}},"fnMap":{"0":{"name":"(anonymous_0)","decl":{"start":{"line":17,"column":4},"end":{"line":17,"column":5}},"loc":{"start":{"line":17,"column":18},"end":{"line":19,"column":5}},"line":17},"1":{"name":"render","decl":{"start":{"line":58,"column":9},"end":{"line":58,"column":15}},"loc":{"start":{"line":58,"column":30},"end":{"line":82,"column":1}},"line":58},"2":{"name":"(anonymous_2)","decl":{"start":{"line":64,"column":31},"end":{"line":64,"column":32}},"loc":{"start":{"line":64,"column":37},"end":{"line":79,"column":34}},"line":64},"3":{"name":"(anonymous_3)","decl":{"start":{"line":64,"column":688},"end":{"line":64,"column":689}},"loc":{"start":{"line":64,"column":700},"end":{"line":69,"column":5}},"line":64},"4":{"name":"(anonymous_4)","decl":{"start":{"line":69,"column":370},"end":{"line":69,"column":371}},"loc":{"start":{"line":69,"column":387},"end":{"line":73,"column":5}},"line":69},"5":{"name":"(anonymous_5)","decl":{"start":{"line":77,"column":33},"end":{"line":77,"column":34}},"loc":{"start":{"line":77,"column":39},"end":{"line":77,"column":76}},"line":77}},"branchMap":{},"s":{"0":2,"1":2,"2":2,"3":5,"4":2,"5":2,"6":2,"7":2,"8":2,"9":2,"10":2,"11":2,"12":2,"13":2,"14":2,"15":2,"16":2,"17":5,"18":5,"19":5,"20":6,"21":6,"22":5,"23":2},"f":{"0":5,"1":5,"2":5,"3":6,"4":6,"5":5},"b":{},"inputSourceMap":{"0":"{","1":"\"","2":"v","3":"e","4":"r","5":"s","6":"i","7":"o","8":"n","9":"\"","10":":","11":"3","12":",","13":"\"","14":"s","15":"o","16":"u","17":"r","18":"c","19":"e","20":"s","21":"\"","22":":","23":"[","24":"\"","25":"C","26":":","27":"\\","28":"\\","29":"x","30":"a","31":"m","32":"p","33":"p","34":"_","35":"1","36":"\\","37":"\\","38":"h","39":"t","40":"d","41":"o","42":"c","43":"s","44":"\\","45":"\\","46":"U","47":"D","48":"E","49":"M","50":"Y","51":"_","52":"V","53":"U","54":"E","55":"_","56":"M","57":"A","58":"S","59":"T","60":"E","61":"R","62":"C","63":"L","64":"A","65":"S","66":"S","67":"\\","68":"\\","69":"U","70":"D","71":"E","72":"M","73":"Y","74":"_","75":"V","76":"U","77":"E","78":"_","79":"M","80":"A","81":"S","82":"T","83":"E","84":"R","85":"C","86":"L","87":"A","88":"S","89":"S","90":"\\","91":"\\","92":"j","93":"o","94":"b","95":"-","96":"s","97":"e","98":"a","99":"r","100":"c","101":"h","102":"\\","103":"\\","104":"s","105":"r","106":"c","107":"\\","108":"\\","109":"c","110":"o","111":"m","112":"p","113":"o","114":"n","115":"e","116":"n","117":"t","118":"s","119":"\\","120":"\\","121":"J","122":"o","123":"b","124":"R","125":"e","126":"s","127":"u","128":"l","129":"t","130":"s","131":"\\","132":"\\","133":"J","134":"o","135":"b","136":"L","137":"i","138":"s","139":"t","140":"i","141":"n","142":"g","143":".","144":"v","145":"u","146":"e","147":"\"","148":"]","149":",","150":"\"","151":"n","152":"a","153":"m","154":"e","155":"s","156":"\"","157":":","158":"[","159":"]","160":",","161":"\"","162":"m","163":"a","164":"p","165":"p","166":"i","167":"n","168":"g","169":"s","170":"\"","171":":","172":"\"","173":";","174":";","175":";","176":";","177":";","178":";","179":";","180":"e","181":"A","182":"w","183":"D","184":"e","185":";","186":"E","187":"A","188":"C","189":"b","190":",","191":"I","192":"A","193":"A","194":"I","195":",","196":"E","197":"A","198":"A","199":"E","200":",","201":"Y","202":"A","203":"A","204":"Y","205":";","206":"E","207":"A","208":"C","209":"l","210":"B","211":",","212":"K","213":"A","214":"A","215":"K","216":",","217":"E","218":"A","219":"A","220":"E","221":";","222":"I","223":"A","224":"C","225":"L","226":",","227":"G","228":"A","229":"A","230":"G","231":",","232":"E","233":"A","234":"A","235":"E","236":";","237":"M","238":"A","239":"C","240":"H","241":",","242":"I","243":"A","244":"A","245":"I","246":",","247":"E","248":"A","249":"A","250":"E","251":",","252":"M","253":"A","254":"A","255":"M","256":";","257":"M","258":"A","259":"C","260":"Z","261":",","262":"Q","263":"A","264":"A","265":"Q","266":",","267":"E","268":"A","269":"A","270":"E","271":";","272":"I","273":"A","274":"C","275":"Z","276":";","277":"E","278":"A","279":"C","280":"F","281":",","282":"C","283":"A","284":"A","285":"C","286":";","287":"E","288":"A","289":"E","290":"D","291":",","292":"Q","293":"A","294":"A","295":"Q","296":",","297":"E","298":"A","299":"A","300":"E","301":";","302":"I","303":"A","304":"C","305":"R","306":",","307":"W","308":"A","309":"A","310":"W","311":",","312":"G","313":"A","314":"A","315":"G","316":";","317":"M","318":"A","319":"C","320":"Z","321":",","322":"O","323":"A","324":"A","325":"Q","326":",","327":"i","328":"B","329":"A","330":"A","331":"g","332":"B","333":",","334":"I","335":"A","336":"A","337":"I","338":",","339":"C","340":"A","341":"A","342":"C","343":",","344":"G","345":"A","346":"A","347":"G","348":",","349":"C","350":"A","351":"A","352":"C","353":",","354":"E","355":"A","356":"A","357":"G","358":",","359":"E","360":"A","361":"A","362":"C","363":";","364":"I","365":"A","366":"C","367":"v","368":"C","369":";","370":"E","371":"A","372":"C","373":"F","374":";","375":"A","376":"A","377":"C","378":"F","379":",","380":"C","381":"A","382":"A","383":"C","384":";","385":"A","386":"A","387":"A","388":"A","389":";","390":"A","391":"A","392":"A","393":"A","394":"\"","395":",","396":"\"","397":"f","398":"i","399":"l","400":"e","401":"\"","402":":","403":"\"","404":"C","405":":","406":"\\","407":"\\","408":"x","409":"a","410":"m","411":"p","412":"p","413":"_","414":"1","415":"\\","416":"\\","417":"h","418":"t","419":"d","420":"o","421":"c","422":"s","423":"\\","424":"\\","425":"U","426":"D","427":"E","428":"M","429":"Y","430":"_","431":"V","432":"U","433":"E","434":"_","435":"M","436":"A","437":"S","438":"T","439":"E","440":"R","441":"C","442":"L","443":"A","444":"S","445":"S","446":"\\","447":"\\","448":"U","449":"D","450":"E","451":"M","452":"Y","453":"_","454":"V","455":"U","456":"E","457":"_","458":"M","459":"A","460":"S","461":"T","462":"E","463":"R","464":"C","465":"L","466":"A","467":"S","468":"S","469":"\\","470":"\\","471":"j","472":"o","473":"b","474":"-","475":"s","476":"e","477":"a","478":"r","479":"c","480":"h","481":"\\","482":"\\","483":"s","484":"r","485":"c","486":"\\","487":"\\","488":"c","489":"o","490":"m","491":"p","492":"o","493":"n","494":"e","495":"n","496":"t","497":"s","498":"\\","499":"\\","500":"J","501":"o","502":"b","503":"R","504":"e","505":"s","506":"u","507":"l","508":"t","509":"s","510":"\\","511":"\\","512":"J","513":"o","514":"b","515":"L","516":"i","517":"s","518":"t","519":"i","520":"n","521":"g","522":".","523":"v","524":"u","525":"e","526":"\"","527":",","528":"\"","529":"s","530":"o","531":"u","532":"r","533":"c","534":"e","535":"s","536":"C","537":"o","538":"n","539":"t","540":"e","541":"n","542":"t","543":"\"","544":":","545":"[","546":"\"","547":"<","548":"t","549":"e","550":"m","551":"p","552":"l","553":"a","554":"t","555":"e","556":">","557":"\\","558":"n","559":" ","560":" ","561":"<","562":"l","563":"i","564":" ","565":"c","566":"l","567":"a","568":"s","569":"s","570":"=","571":"\\","572":"\"","573":"m","574":"b","575":"-","576":"7","577":"\\","578":"\"","579":">","580":"\\","581":"n","582":" ","583":" ","584":" ","585":" ","586":"<","587":"r","588":"o","589":"u","590":"t","591":"e","592":"r","593":"-","594":"l","595":"i","596":"n","597":"k","598":"\\","599":"n","600":" ","601":" ","602":" ","603":" ","604":" ","605":" ","606":":","607":"t","608":"o","609":"=","610":"\\","611":"\"","612":"j","613":"o","614":"b","615":"P","616":"a","617":"g","618":"e","619":"L","620":"i","621":"n","622":"k","623":"\\","624":"\"","625":"\\","626":"n","627":" ","628":" ","629":" ","630":" ","631":" ","632":" ","633":"c","634":"l","635":"a","636":"s","637":"s","638":"=","639":"\\","640":"\"","641":"b","642":"l","643":"o","644":"c","645":"k","646":" ","647":"m","648":"x","649":"-","650":"a","651":"u","652":"t","653":"o","654":" ","655":"b","656":"g","657":"-","658":"w","659":"h","660":"i","661":"t","662":"e","663":" ","664":"b","665":"o","666":"r","667":"d","668":"e","669":"r","670":" ","671":"b","672":"o","673":"r","674":"d","675":"e","676":"r","677":"-","678":"s","679":"o","680":"l","681":"i","682":"d","683":" ","684":"b","685":"o","686":"r","687":"d","688":"e","689":"r","690":"-","691":"b","692":"r","693":"a","694":"n","695":"d","696":"-","697":"g","698":"r","699":"a","700":"y","701":"-","702":"2","703":" ","704":"r","705":"o","706":"u","707":"n","708":"d","709":"e","710":"d","711":" ","712":"h","713":"o","714":"v","715":"e","716":"r","717":":","718":"s","719":"h","720":"a","721":"d","722":"o","723":"w","724":"-","725":"g","726":"r","727":"a","728":"y","729":"\\","730":"\"","731":"\\","732":"n","733":" ","734":" ","735":" ","736":" ","737":">","738":"\\","739":"n","740":" ","741":" ","742":" ","743":" ","744":" ","745":" ","746":"<","747":"d","748":"i","749":"v","750":" ","751":"c","752":"l","753":"a","754":"s","755":"s","756":"=","757":"\\","758":"\"","759":"p","760":"t","761":"-","762":"5","763":" ","764":"p","765":"b","766":"-","767":"2","768":" ","769":"m","770":"x","771":"-","772":"8","773":" ","774":"b","775":"o","776":"r","777":"d","778":"e","779":"r","780":"-","781":"b","782":" ","783":"b","784":"o","785":"r","786":"d","787":"e","788":"r","789":"-","790":"s","791":"o","792":"l","793":"i","794":"d","795":" ","796":"b","797":"o","798":"r","799":"d","800":"e","801":"r","802":"-","803":"b","804":"r","805":"a","806":"n","807":"d","808":"-","809":"g","810":"r","811":"a","812":"y","813":"-","814":"2","815":"\\","816":"\"","817":">","818":"\\","819":"n","820":" ","821":" ","822":" ","823":" ","824":" ","825":" ","826":" ","827":" ","828":"<","829":"h","830":"2","831":" ","832":"c","833":"l","834":"a","835":"s","836":"s","837":"=","838":"\\","839":"\"","840":"m","841":"b","842":"-","843":"2","844":" ","845":"t","846":"e","847":"x","848":"t","849":"-","850":"2","851":"x","852":"l","853":"\\","854":"\"","855":">","856":"\\","857":"n","858":" ","859":" ","860":" ","861":" ","862":" ","863":" ","864":" ","865":" ","866":" ","867":" ","868":"{","869":"{","870":" ","871":"j","872":"o","873":"b","874":".","875":"t","876":"i","877":"t","878":"l","879":"e","880":" ","881":"}","882":"}","883":"\\","884":"n","885":" ","886":" ","887":" ","888":" ","889":" ","890":" ","891":" ","892":" ","893":"<","894":"/","895":"h","896":"2","897":">","898":"\\","899":"n","900":"\\","901":"n","902":" ","903":" ","904":" ","905":" ","906":" ","907":" ","908":" ","909":" ","910":"<","911":"d","912":"i","913":"v","914":" ","915":"c","916":"l","917":"a","918":"s","919":"s","920":"=","921":"\\","922":"\"","923":"f","924":"l","925":"e","926":"x","927":" ","928":"f","929":"l","930":"e","931":"x","932":"-","933":"r","934":"o","935":"w","936":" ","937":"a","938":"l","939":"i","940":"g","941":"n","942":"-","943":"m","944":"i","945":"d","946":"d","947":"l","948":"e","949":"\\","950":"\"","951":">","952":"\\","953":"n","954":" ","955":" ","956":" ","957":" ","958":" ","959":" ","960":" ","961":" ","962":" ","963":" ","964":"<","965":"d","966":"i","967":"v","968":" ","969":"c","970":"l","971":"a","972":"s","973":"s","974":"=","975":"\\","976":"\"","977":"m","978":"r","979":"-","980":"5","981":"\\","982":"\"","983":">","984":"\\","985":"n","986":" ","987":" ","988":" ","989":" ","990":" ","991":" ","992":" ","993":" ","994":" ","995":" ","996":" ","997":" ","998":"<","999":"s","1000":"p","1001":"a","1002":"n","1003":">","1004":"{","1005":"{","1006":" ","1007":"j","1008":"o","1009":"b","1010":".","1011":"o","1012":"r","1013":"g","1014":"a","1015":"n","1016":"i","1017":"z","1018":"a","1019":"t","1020":"i","1021":"o","1022":"n","1023":" ","1024":"}","1025":"}","1026":"<","1027":"/","1028":"s","1029":"p","1030":"a","1031":"n","1032":">","1033":"\\","1034":"n","1035":" ","1036":" ","1037":" ","1038":" ","1039":" ","1040":" ","1041":" ","1042":" ","1043":" ","1044":" ","1045":"<","1046":"/","1047":"d","1048":"i","1049":"v","1050":">","1051":"\\","1052":"n","1053":"\\","1054":"n","1055":" ","1056":" ","1057":" ","1058":" ","1059":" ","1060":" ","1061":" ","1062":" ","1063":" ","1064":" ","1065":"<","1066":"!","1067":"-","1068":"-","1069":" ","1070":"<","1071":"d","1072":"i","1073":"v","1074":">","1075":"<","1076":"s","1077":"p","1078":"a","1079":"n","1080":">","1081":"{","1082":"S","1083":"a","1084":"n","1085":" ","1086":"F","1087":"r","1088":"a","1089":"n","1090":"c","1091":"i","1092":"s","1093":"c","1094":"o","1095":",","1096":" ","1097":"C","1098":"A","1099":",","1100":" ","1101":"U","1102":"S","1103":"A","1104":"}","1105":"<","1106":"/","1107":"s","1108":"p","1109":"a","1110":"n","1111":">","1112":"<","1113":"/","1114":"d","1115":"i","1116":"v","1117":">","1118":" ","1119":"-","1120":"-","1121":">","1122":"\\","1123":"n","1124":" ","1125":" ","1126":" ","1127":" ","1128":" ","1129":" ","1130":" ","1131":" ","1132":" ","1133":" ","1134":"<","1135":"d","1136":"i","1137":"v","1138":">","1139":"\\","1140":"n","1141":" ","1142":" ","1143":" ","1144":" ","1145":" ","1146":" ","1147":" ","1148":" ","1149":" ","1150":" ","1151":" ","1152":" ","1153":"<","1154":"u","1155":"l","1156":">","1157":"\\","1158":"n","1159":" ","1160":" ","1161":" ","1162":" ","1163":" ","1164":" ","1165":" ","1166":" ","1167":" ","1168":" ","1169":" ","1170":" ","1171":" ","1172":" ","1173":"<","1174":"l","1175":"i","1176":"\\","1177":"n","1178":" ","1179":" ","1180":" ","1181":" ","1182":" ","1183":" ","1184":" ","1185":" ","1186":" ","1187":" ","1188":" ","1189":" ","1190":" ","1191":" ","1192":" ","1193":" ","1194":"v","1195":"-","1196":"f","1197":"o","1198":"r","1199":"=","1200":"\\","1201":"\"","1202":"l","1203":"o","1204":"c","1205":"a","1206":"t","1207":"i","1208":"o","1209":"n","1210":" ","1211":"i","1212":"n","1213":" ","1214":"j","1215":"o","1216":"b","1217":".","1218":"l","1219":"o","1220":"c","1221":"a","1222":"t","1223":"i","1224":"o","1225":"n","1226":"s","1227":"\\","1228":"\"","1229":"\\","1230":"n","1231":" ","1232":" ","1233":" ","1234":" ","1235":" ","1236":" ","1237":" ","1238":" ","1239":" ","1240":" ","1241":" ","1242":" ","1243":" ","1244":" ","1245":" ","1246":" ","1247":":","1248":"k","1249":"e","1250":"y","1251":"=","1252":"\\","1253":"\"","1254":"l","1255":"o","1256":"c","1257":"a","1258":"t","1259":"i","1260":"o","1261":"n","1262":"\\","1263":"\"","1264":"\\","1265":"n","1266":" ","1267":" ","1268":" ","1269":" ","1270":" ","1271":" ","1272":" ","1273":" ","1274":" ","1275":" ","1276":" ","1277":" ","1278":" ","1279":" ","1280":" ","1281":" ","1282":"c","1283":"l","1284":"a","1285":"s","1286":"s","1287":"=","1288":"\\","1289":"\"","1290":"i","1291":"n","1292":"l","1293":"i","1294":"n","1295":"e","1296":"-","1297":"b","1298":"l","1299":"o","1300":"c","1301":"k","1302":" ","1303":"m","1304":"r","1305":"-","1306":"5","1307":"\\","1308":"\"","1309":"\\","1310":"n","1311":" ","1312":" ","1313":" ","1314":" ","1315":" ","1316":" ","1317":" ","1318":" ","1319":" ","1320":" ","1321":" ","1322":" ","1323":" ","1324":" ","1325":">","1326":"\\","1327":"n","1328":" ","1329":" ","1330":" ","1331":" ","1332":" ","1333":" ","1334":" ","1335":" ","1336":" ","1337":" ","1338":" ","1339":" ","1340":" ","1341":" ","1342":" ","1343":" ","1344":"{","1345":"{","1346":" ","1347":"l","1348":"o","1349":"c","1350":"a","1351":"t","1352":"i","1353":"o","1354":"n","1355":" ","1356":"}","1357":"}","1358":"\\","1359":"n","1360":" ","1361":" ","1362":" ","1363":" ","1364":" ","1365":" ","1366":" ","1367":" ","1368":" ","1369":" ","1370":" ","1371":" ","1372":" ","1373":" ","1374":"<","1375":"/","1376":"l","1377":"i","1378":">","1379":"\\","1380":"n","1381":" ","1382":" ","1383":" ","1384":" ","1385":" ","1386":" ","1387":" ","1388":" ","1389":" ","1390":" ","1391":" ","1392":" ","1393":"<","1394":"/","1395":"u","1396":"l","1397":">","1398":"\\","1399":"n","1400":" ","1401":" ","1402":" ","1403":" ","1404":" ","1405":" ","1406":" ","1407":" ","1408":" ","1409":" ","1410":"<","1411":"/","1412":"d","1413":"i","1414":"v","1415":">","1416":"\\","1417":"n","1418":" ","1419":" ","1420":" ","1421":" ","1422":" ","1423":" ","1424":" ","1425":" ","1426":"<","1427":"/","1428":"d","1429":"i","1430":"v","1431":">","1432":"\\","1433":"n","1434":" ","1435":" ","1436":" ","1437":" ","1438":" ","1439":" ","1440":"<","1441":"/","1442":"d","1443":"i","1444":"v","1445":">","1446":"\\","1447":"n","1448":"\\","1449":"n","1450":" ","1451":" ","1452":" ","1453":" ","1454":" ","1455":" ","1456":"<","1457":"d","1458":"i","1459":"v","1460":" ","1461":"c","1462":"l","1463":"a","1464":"s","1465":"s","1466":"=","1467":"\\","1468":"\"","1469":"p","1470":"x","1471":"-","1472":"8","1473":" ","1474":"p","1475":"y","1476":"-","1477":"4","1478":"\\","1479":"\"","1480":">","1481":"\\","1482":"n","1483":" ","1484":" ","1485":" ","1486":" ","1487":" ","1488":" ","1489":" ","1490":" ","1491":"<","1492":"d","1493":"i","1494":"v","1495":">","1496":"\\","1497":"n","1498":" ","1499":" ","1500":" ","1501":" ","1502":" ","1503":" ","1504":" ","1505":" ","1506":" ","1507":" ","1508":"<","1509":"h","1510":"3","1511":" ","1512":"c","1513":"l","1514":"a","1515":"s","1516":"s","1517":"=","1518":"\\","1519":"\"","1520":"m","1521":"t","1522":"-","1523":"1","1524":" ","1525":"m","1526":"b","1527":"-","1528":"2","1529":"\\","1530":"\"","1531":">","1532":"Q","1533":"u","1534":"a","1535":"l","1536":"i","1537":"f","1538":"i","1539":"c","1540":"a","1541":"t","1542":"i","1543":"o","1544":"n","1545":"s","1546":":","1547":"<","1548":"/","1549":"h","1550":"3","1551":">","1552":"\\","1553":"n","1554":" ","1555":" ","1556":" ","1557":" ","1558":" ","1559":" ","1560":" ","1561":" ","1562":" ","1563":" ","1564":"<","1565":"d","1566":"i","1567":"v","1568":">","1569":"\\","1570":"n","1571":" ","1572":" ","1573":" ","1574":" ","1575":" ","1576":" ","1577":" ","1578":" ","1579":" ","1580":" ","1581":" ","1582":" ","1583":"<","1584":"u","1585":"l","1586":" ","1587":"c","1588":"l","1589":"a","1590":"s","1591":"s","1592":"=","1593":"\\","1594":"\"","1595":"p","1596":"l","1597":"-","1598":"8","1599":" ","1600":"l","1601":"i","1602":"s","1603":"t","1604":"-","1605":"d","1606":"i","1607":"s","1608":"c","1609":"\\","1610":"\"","1611":">","1612":"\\","1613":"n","1614":" ","1615":" ","1616":" ","1617":" ","1618":" ","1619":" ","1620":" ","1621":" ","1622":" ","1623":" ","1624":" ","1625":" ","1626":" ","1627":" ","1628":"<","1629":"l","1630":"i","1631":"\\","1632":"n","1633":" ","1634":" ","1635":" ","1636":" ","1637":" ","1638":" ","1639":" ","1640":" ","1641":" ","1642":" ","1643":" ","1644":" ","1645":" ","1646":" ","1647":" ","1648":" ","1649":"v","1650":"-","1651":"f","1652":"o","1653":"r","1654":"=","1655":"\\","1656":"\"","1657":"q","1658":"u","1659":"a","1660":"l","1661":"i","1662":"f","1663":"i","1664":"c","1665":"a","1666":"t","1667":"i","1668":"o","1669":"n","1670":" ","1671":"i","1672":"n","1673":" ","1674":"j","1675":"o","1676":"b","1677":".","1678":"m","1679":"i","1680":"n","1681":"i","1682":"m","1683":"u","1684":"m","1685":"Q","1686":"u","1687":"a","1688":"l","1689":"i","1690":"f","1691":"i","1692":"c","1693":"a","1694":"t","1695":"i","1696":"o","1697":"n","1698":"s","1699":"\\","1700":"\"","1701":"\\","1702":"n","1703":" ","1704":" ","1705":" ","1706":" ","1707":" ","1708":" ","1709":" ","1710":" ","1711":" ","1712":" ","1713":" ","1714":" ","1715":" ","1716":" ","1717":" ","1718":" ","1719":":","1720":"k","1721":"e","1722":"y","1723":"=","1724":"\\","1725":"\"","1726":"q","1727":"u","1728":"a","1729":"l","1730":"i","1731":"f","1732":"i","1733":"c","1734":"a","1735":"t","1736":"i","1737":"o","1738":"n","1739":"\\","1740":"\"","1741":"\\","1742":"n","1743":" ","1744":" ","1745":" ","1746":" ","1747":" ","1748":" ","1749":" ","1750":" ","1751":" ","1752":" ","1753":" ","1754":" ","1755":" ","1756":" ","1757":">","1758":"\\","1759":"n","1760":" ","1761":" ","1762":" ","1763":" ","1764":" ","1765":" ","1766":" ","1767":" ","1768":" ","1769":" ","1770":" ","1771":" ","1772":" ","1773":" ","1774":" ","1775":" ","1776":"{","1777":"{","1778":" ","1779":"q","1780":"u","1781":"a","1782":"l","1783":"i","1784":"f","1785":"i","1786":"c","1787":"a","1788":"t","1789":"i","1790":"o","1791":"n","1792":" ","1793":"}","1794":"}","1795":"\\","1796":"n","1797":" ","1798":" ","1799":" ","1800":" ","1801":" ","1802":" ","1803":" ","1804":" ","1805":" ","1806":" ","1807":" ","1808":" ","1809":" ","1810":" ","1811":"<","1812":"/","1813":"l","1814":"i","1815":">","1816":"\\","1817":"n","1818":" ","1819":" ","1820":" ","1821":" ","1822":" ","1823":" ","1824":" ","1825":" ","1826":" ","1827":" ","1828":" ","1829":" ","1830":"<","1831":"/","1832":"u","1833":"l","1834":">","1835":"\\","1836":"n","1837":" ","1838":" ","1839":" ","1840":" ","1841":" ","1842":" ","1843":" ","1844":" ","1845":" ","1846":" ","1847":"<","1848":"/","1849":"d","1850":"i","1851":"v","1852":">","1853":"\\","1854":"n","1855":" ","1856":" ","1857":" ","1858":" ","1859":" ","1860":" ","1861":" ","1862":" ","1863":"<","1864":"/","1865":"d","1866":"i","1867":"v","1868":">","1869":"\\","1870":"n","1871":" ","1872":" ","1873":" ","1874":" ","1875":" ","1876":" ","1877":" ","1878":" ","1879":"<","1880":"d","1881":"i","1882":"v","1883":" ","1884":"c","1885":"l","1886":"a","1887":"s","1888":"s","1889":"=","1890":"\\","1891":"\"","1892":"m","1893":"t","1894":"-","1895":"2","1896":" ","1897":"t","1898":"e","1899":"x","1900":"t","1901":"-","1902":"c","1903":"e","1904":"n","1905":"t","1906":"e","1907":"r","1908":"\\","1909":"\"","1910":">","1911":"\\","1912":"n","1913":" ","1914":" ","1915":" ","1916":" ","1917":" ","1918":" ","1919":" ","1920":" ","1921":" ","1922":" ","1923":"<","1924":"r","1925":"o","1926":"u","1927":"t","1928":"e","1929":"r","1930":"-","1931":"l","1932":"i","1933":"n","1934":"k","1935":" ","1936":":","1937":"t","1938":"o","1939":"=","1940":"\\","1941":"\"","1942":"j","1943":"o","1944":"b","1945":"P","1946":"a","1947":"g","1948":"e","1949":"L","1950":"i","1951":"n","1952":"k","1953":"\\","1954":"\"","1955":" ","1956":"c","1957":"l","1958":"a","1959":"s","1960":"s","1961":"=","1962":"\\","1963":"\"","1964":"t","1965":"e","1966":"x","1967":"t","1968":"-","1969":"b","1970":"r","1971":"a","1972":"n","1973":"d","1974":"-","1975":"b","1976":"l","1977":"u","1978":"e","1979":"-","1980":"1","1981":"\\","1982":"\"","1983":"\\","1984":"n","1985":" ","1986":" ","1987":" ","1988":" ","1989":" ","1990":" ","1991":" ","1992":" ","1993":" ","1994":" ","1995":" ","1996":" ","1997":">","1998":"E","1999":"x","2000":"p","2001":"a","2002":"n","2003":"d","2004":"<","2005":"/","2006":"r","2007":"o","2008":"u","2009":"t","2010":"e","2011":"r","2012":"-","2013":"l","2014":"i","2015":"n","2016":"k","2017":"\\","2018":"n","2019":" ","2020":" ","2021":" ","2022":" ","2023":" ","2024":" ","2025":" ","2026":" ","2027":" ","2028":" ","2029":">","2030":"\\","2031":"n","2032":" ","2033":" ","2034":" ","2035":" ","2036":" ","2037":" ","2038":" ","2039":" ","2040":"<","2041":"/","2042":"d","2043":"i","2044":"v","2045":">","2046":"\\","2047":"n","2048":" ","2049":" ","2050":" ","2051":" ","2052":" ","2053":" ","2054":"<","2055":"/","2056":"d","2057":"i","2058":"v","2059":">","2060":"\\","2061":"n","2062":" ","2063":" ","2064":" ","2065":" ","2066":"<","2067":"/","2068":"r","2069":"o","2070":"u","2071":"t","2072":"e","2073":"r","2074":"-","2075":"l","2076":"i","2077":"n","2078":"k","2079":">","2080":"\\","2081":"n","2082":" ","2083":" ","2084":"<","2085":"/","2086":"l","2087":"i","2088":">","2089":"\\","2090":"n","2091":"<","2092":"/","2093":"t","2094":"e","2095":"m","2096":"p","2097":"l","2098":"a","2099":"t","2100":"e","2101":">","2102":"\\","2103":"n","2104":"\\","2105":"n","2106":"<","2107":"s","2108":"c","2109":"r","2110":"i","2111":"p","2112":"t","2113":">","2114":"\\","2115":"n","2116":"e","2117":"x","2118":"p","2119":"o","2120":"r","2121":"t","2122":" ","2123":"d","2124":"e","2125":"f","2126":"a","2127":"u","2128":"l","2129":"t","2130":" ","2131":"{","2132":"\\","2133":"n","2134":" ","2135":" ","2136":"n","2137":"a","2138":"m","2139":"e","2140":":","2141":" ","2142":"\\","2143":"\"","2144":"J","2145":"o","2146":"b","2147":"L","2148":"i","2149":"s","2150":"t","2151":"i","2152":"n","2153":"g","2154":"\\","2155":"\"","2156":",","2157":"\\","2158":"n","2159":" ","2160":" ","2161":"p","2162":"r","2163":"o","2164":"p","2165":"s","2166":":","2167":" ","2168":"{","2169":"\\","2170":"n","2171":" ","2172":" ","2173":" ","2174":" ","2175":"j","2176":"o","2177":"b","2178":":","2179":" ","2180":"{","2181":"\\","2182":"n","2183":" ","2184":" ","2185":" ","2186":" ","2187":" ","2188":" ","2189":"t","2190":"y","2191":"p","2192":"e","2193":":","2194":" ","2195":"O","2196":"b","2197":"j","2198":"e","2199":"c","2200":"t","2201":",","2202":"\\","2203":"n","2204":" ","2205":" ","2206":" ","2207":" ","2208":" ","2209":" ","2210":"r","2211":"e","2212":"q","2213":"u","2214":"i","2215":"r","2216":"e","2217":"d","2218":":","2219":" ","2220":"t","2221":"r","2222":"u","2223":"e","2224":",","2225":"\\","2226":"n","2227":" ","2228":" ","2229":" ","2230":" ","2231":"}","2232":",","2233":"\\","2234":"n","2235":" ","2236":" ","2237":"}","2238":",","2239":"\\","2240":"n","2241":"\\","2242":"n","2243":" ","2244":" ","2245":"c","2246":"o","2247":"m","2248":"p","2249":"u","2250":"t","2251":"e","2252":"d","2253":":","2254":" ","2255":"{","2256":"\\","2257":"n","2258":" ","2259":" ","2260":" ","2261":" ","2262":"j","2263":"o","2264":"b","2265":"P","2266":"a","2267":"g","2268":"e","2269":"L","2270":"i","2271":"n","2272":"k","2273":"(","2274":")","2275":" ","2276":"{","2277":"\\","2278":"n","2279":" ","2280":" ","2281":" ","2282":" ","2283":" ","2284":" ","2285":"r","2286":"e","2287":"t","2288":"u","2289":"r","2290":"n","2291":" ","2292":"`","2293":"/","2294":"j","2295":"o","2296":"b","2297":"s","2298":"/","2299":"r","2300":"e","2301":"s","2302":"u","2303":"l","2304":"t","2305":"s","2306":"/","2307":"$","2308":"{","2309":"t","2310":"h","2311":"i","2312":"s","2313":".","2314":"j","2315":"o","2316":"b","2317":".","2318":"i","2319":"d","2320":"}","2321":"`","2322":";","2323":"\\","2324":"n","2325":" ","2326":" ","2327":" ","2328":" ","2329":"}","2330":",","2331":"\\","2332":"n","2333":" ","2334":" ","2335":"}","2336":",","2337":"\\","2338":"n","2339":"}","2340":";","2341":"\\","2342":"n","2343":"<","2344":"/","2345":"s","2346":"c","2347":"r","2348":"i","2349":"p","2350":"t","2351":">","2352":"\\","2353":"n","2354":"\"","2355":"]","2356":"}"},"_coverageSchema":"1a1c01bbd47fc00a2c39e90264f33305004495a9","hash":"1aaeb8bf48ec9264d640509673e534d406c171fc"}
,"C:\\xampp_1\\htdocs\\UDEMY_VUE_MASTERCLASS\\UDEMY_VUE_MASTERCLASS\\job-search\\src\\components\\JobResults\\JobListings.vue": {"path":"C:\\xampp_1\\htdocs\\UDEMY_VUE_MASTERCLASS\\UDEMY_VUE_MASTERCLASS\\job-search\\src\\components\\JobResults\\JobListings.vue","statementMap":{"0":{"start":{"line":4,"column":29},"end":{"line":4,"column":181}},"1":{"start":{"line":5,"column":0},"end":{"line":7,"column":3}},"2":{"start":{"line":8,"column":0},"end":{"line":8,"column":25}},"3":{"start":{"line":134,"column":0},"end":{"line":134,"column":13}},"4":{"start":{"line":136,"column":0},"end":{"line":138,"column":3}},"5":{"start":{"line":139,"column":0},"end":{"line":139,"column":24}},"6":{"start":{"line":140,"column":11},"end":{"line":140,"column":25}},"7":{"start":{"line":141,"column":19},"end":{"line":143,"column":1}},"8":{"start":{"line":144,"column":19},"end":{"line":146,"column":1}},"9":{"start":{"line":147,"column":19},"end":{"line":149,"column":1}},"10":{"start":{"line":150,"column":19},"end":{"line":152,"column":1}},"11":{"start":{"line":153,"column":19},"end":{"line":155,"column":1}},"12":{"start":{"line":157,"column":33},"end":{"line":157,"column":74}},"13":{"start":{"line":158,"column":33},"end":{"line":158,"column":74}},"14":{"start":{"line":159,"column":2},"end":{"line":191,"column":82}},"15":{"start":{"line":160,"column":4},"end":{"line":164,"column":37}},"16":{"start":{"line":176,"column":37},"end":{"line":176,"column":76}},"17":{"start":{"line":189,"column":37},"end":{"line":189,"column":72}},"18":{"start":{"line":192,"column":2},"end":{"line":192,"column":49}}},"fnMap":{"0":{"name":"render","decl":{"start":{"line":156,"column":9},"end":{"line":156,"column":15}},"loc":{"start":{"line":156,"column":30},"end":{"line":192,"column":1}},"line":156},"1":{"name":"(anonymous_1)","decl":{"start":{"line":159,"column":243},"end":{"line":159,"column":244}},"loc":{"start":{"line":159,"column":250},"end":{"line":165,"column":3}},"line":159},"2":{"name":"(anonymous_2)","decl":{"start":{"line":176,"column":31},"end":{"line":176,"column":32}},"loc":{"start":{"line":176,"column":37},"end":{"line":176,"column":76}},"line":176},"3":{"name":"(anonymous_3)","decl":{"start":{"line":189,"column":31},"end":{"line":189,"column":32}},"loc":{"start":{"line":189,"column":37},"end":{"line":189,"column":72}},"line":189}},"branchMap":{"0":{"loc":{"start":{"line":165,"column":299},"end":{"line":178,"column":73}},"type":"cond-expr","locations":[{"start":{"line":165,"column":320},"end":{"line":178,"column":27}},{"start":{"line":178,"column":31},"end":{"line":178,"column":73}}],"line":165},"1":{"loc":{"start":{"line":178,"column":75},"end":{"line":191,"column":73}},"type":"cond-expr","locations":[{"start":{"line":178,"column":92},"end":{"line":191,"column":27}},{"start":{"line":191,"column":31},"end":{"line":191,"column":73}}],"line":178}},"s":{"0":1,"1":1,"2":1,"3":1,"4":1,"5":1,"6":1,"7":1,"8":1,"9":1,"10":1,"11":1,"12":8,"13":8,"14":8,"15":30,"16":4,"17":2,"18":1},"f":{"0":8,"1":30,"2":4,"3":2},"b":{"0":[4,4],"1":[2,6]},"inputSourceMap":{"0":"{","1":"\"","2":"v","3":"e","4":"r","5":"s","6":"i","7":"o","8":"n","9":"\"","10":":","11":"3","12":",","13":"\"","14":"s","15":"o","16":"u","17":"r","18":"c","19":"e","20":"s","21":"\"","22":":","23":"[","24":"\"","25":"C","26":":","27":"\\","28":"\\","29":"x","30":"a","31":"m","32":"p","33":"p","34":"_","35":"1","36":"\\","37":"\\","38":"h","39":"t","40":"d","41":"o","42":"c","43":"s","44":"\\","45":"\\","46":"U","47":"D","48":"E","49":"M","50":"Y","51":"_","52":"V","53":"U","54":"E","55":"_","56":"M","57":"A","58":"S","59":"T","60":"E","61":"R","62":"C","63":"L","64":"A","65":"S","66":"S","67":"\\","68":"\\","69":"U","70":"D","71":"E","72":"M","73":"Y","74":"_","75":"V","76":"U","77":"E","78":"_","79":"M","80":"A","81":"S","82":"T","83":"E","84":"R","85":"C","86":"L","87":"A","88":"S","89":"S","90":"\\","91":"\\","92":"j","93":"o","94":"b","95":"-","96":"s","97":"e","98":"a","99":"r","100":"c","101":"h","102":"\\","103":"\\","104":"s","105":"r","106":"c","107":"\\","108":"\\","109":"c","110":"o","111":"m","112":"p","113":"o","114":"n","115":"e","116":"n","117":"t","118":"s","119":"\\","120":"\\","121":"J","122":"o","123":"b","124":"R","125":"e","126":"s","127":"u","128":"l","129":"t","130":"s","131":"\\","132":"\\","133":"J","134":"o","135":"b","136":"L","137":"i","138":"s","139":"t","140":"i","141":"n","142":"g","143":"s","144":".","145":"v","146":"u","147":"e","148":"\"","149":"]","150":",","151":"\"","152":"n","153":"a","154":"m","155":"e","156":"s","157":"\"","158":":","159":"[","160":"]","161":",","162":"\"","163":"m","164":"a","165":"p","166":"p","167":"i","168":"n","169":"g","170":"s","171":"\"","172":":","173":"\"","174":";","175":";","176":";","177":";","178":";","179":";","180":";","181":";","182":"A","183":"A","184":"u","185":"C","186":"A","187":";","188":"A","189":"A","190":"A","191":"A","192":";","193":"A","194":"A","195":"A","196":"A","197":";","198":"A","199":"A","200":"C","201":"A","202":";","203":"A","204":"A","205":"A","206":"A","207":";","208":"A","209":"A","210":"A","211":"A","212":";","213":"A","214":"A","215":"E","216":"A","217":";","218":"A","219":"A","220":"A","221":"A","222":";","223":"A","224":"A","225":"A","226":"A","227":";","228":"A","229":"A","230":"A","231":"g","232":"E","233":";","234":"A","235":"A","236":"L","237":"h","238":"E","239":";","240":"A","241":"A","242":"C","243":"A","244":";","245":"A","246":"A","247":"A","248":"A","249":",","250":"e","251":"A","252":"M","253":"e","254":";","255":"E","256":"A","257":"C","258":"b","259":",","260":"I","261":"A","262":"A","263":"I","264":",","265":"E","266":"A","267":"A","268":"E","269":",","270":"a","271":"A","272":"A","273":"a","274":";","275":"E","276":"A","277":"C","278":"n","279":"B","280":",","281":"U","282":"A","283":"A","284":"U","285":",","286":"E","287":"A","288":"A","289":"E","290":";","291":"I","292":"A","293":"C","294":"V","295":",","296":"U","297":"A","298":"A","299":"U","300":";","301":"I","302":"A","303":"A","304":"V","305":";","306":"I","307":"A","308":"A","309":"A","310":";","311":"I","312":"A","313":"A","314":"A","315":";","316":"I","317":"A","318":"A","319":"A","320":";","321":"E","322":"A","323":"C","324":"F","325":",","326":"C","327":"A","328":"A","329":"C","330":";","331":"E","332":"A","333":"E","334":"D","335":";","336":"E","337":"A","338":"C","339":"A","340":";","341":"E","342":"A","343":"C","344":"A","345":";","346":"E","347":"A","348":"C","349":"A","350":";","351":"E","352":"A","353":"C","354":"A","355":";","356":";","357":"E","358":"A","359":"E","360":"A","361":",","362":"Q","363":"A","364":"A","365":"Q","366":",","367":"E","368":"A","369":"A","370":"E","371":";","372":"I","373":"A","374":"C","375":"R","376":";","377":"I","378":"A","379":"A","380":"G","381":";","382":"I","383":"A","384":"A","385":"A","386":";","387":"I","388":"A","389":"A","390":"A","391":";","392":"I","393":"A","394":"A","395":"A","396":";","397":"I","398":"A","399":"A","400":"A","401":";","402":"I","403":"A","404":"A","405":"A","406":",","407":"U","408":"A","409":"A","410":"U","411":",","412":"E","413":"A","414":"A","415":"C","416":";","417":"I","418":"A","419":"A","420":"C","421":";","422":"I","423":"A","424":"A","425":"A","426":";","427":"I","428":"A","429":"A","430":"A","431":";","432":"I","433":"A","434":"A","435":"A","436":",","437":"a","438":"A","439":"A","440":"a","441":",","442":"C","443":"A","444":"A","445":"C","446":",","447":"C","448":"A","449":"A","450":"C","451":";","452":"I","453":"A","454":"E","455":"9","456":"B","457":",","458":"W","459":"A","460":"A","461":"W","462":",","463":"G","464":"A","465":"A","466":"G","467":";","468":"M","469":"A","470":"C","471":"Z","472":",","473":"M","474":"A","475":"A","476":"M","477":",","478":"U","479":"A","480":"A","481":"U","482":",","483":"G","484":"A","485":"A","486":"G","487":",","488":"I","489":"A","490":"A","491":"I","492":",","493":"C","494":"A","495":"A","496":"C","497":",","498":"M","499":"A","500":"A","501":"M","502":",","503":"C","504":"A","505":"A","506":"C","507":",","508":"K","509":"A","510":"A","511":"K","512":",","513":"C","514":"A","515":"A","516":"C","517":",","518":"I","519":"A","520":"A","521":"I","522":",","523":"I","524":"A","525":"A","526":"I","527":",","528":"G","529":"A","530":"A","531":"G","532":";","533":"M","534":"A","535":"C","536":"h","537":"D","538":";","539":"M","540":"A","541":"C","542":"A","543":",","544":"O","545":"A","546":"A","547":"O","548":",","549":"M","550":"A","551":"A","552":"M","553":",","554":"C","555":"A","556":"A","557":"C","558":",","559":"Q","560":"A","561":"A","562":"Q","563":",","564":"C","565":"A","566":"A","567":"C","568":",","569":"U","570":"A","571":"A","572":"U","573":",","574":"C","575":"A","576":"A","577":"C","578":";","579":"I","580":"A","581":"C","582":"p","583":"C","584":",","585":"C","586":"A","587":"A","588":"C","589":";","590":"I","591":"A","592":"E","593":"D","594":",","595":"Y","596":"A","597":"A","598":"Y","599":",","600":"G","601":"A","602":"A","603":"G","604":";","605":"M","606":"A","607":"C","608":"b","609":",","610":"M","611":"A","612":"A","613":"M","614":",","615":"Y","616":"A","617":"A","618":"Y","619":",","620":"G","621":"A","622":"A","623":"G","624":",","625":"I","626":"A","627":"A","628":"I","629":",","630":"C","631":"A","632":"A","633":"C","634":",","635":"W","636":"A","637":"A","638":"W","639":",","640":"G","641":"A","642":"A","643":"G","644":",","645":"C","646":"A","647":"A","648":"C","649":";","650":"M","651":"A","652":"C","653":"z","654":"C","655":",","656":"M","657":"A","658":"A","659":"M","660":",","661":"S","662":"A","663":"A","664":"S","665":",","666":"G","667":"A","668":"A","669":"G","670":",","671":"C","672":"A","673":"A","674":"C","675":";","676":"M","677":"A","678":"C","679":"n","680":"B","681":",","682":"O","683":"A","684":"A","685":"O","686":",","687":"Y","688":"A","689":"A","690":"Y","691":",","692":"I","693":"A","694":"A","695":"I","696":",","697":"S","698":"A","699":"A","700":"S","701":",","702":"G","703":"A","704":"A","705":"G","706":",","707":"Y","708":"A","709":"A","710":"Y","711":",","712":"G","713":"A","714":"A","715":"G","716":",","717":"S","718":"A","719":"A","720":"S","721":";","722":"I","723":"A","724":"C","725":"7","726":"D","727":",","728":"C","729":"A","730":"A","731":"C","732":";","733":"I","734":"A","735":"E","736":"D","737":",","738":"Q","739":"A","740":"A","741":"Q","742":",","743":"G","744":"A","745":"A","746":"G","747":";","748":"M","749":"A","750":"C","751":"T","752":",","753":"M","754":"A","755":"A","756":"M","757":",","758":"Q","759":"A","760":"A","761":"Q","762":",","763":"G","764":"A","765":"A","766":"G","767":",","768":"I","769":"A","770":"A","771":"I","772":",","773":"C","774":"A","775":"A","776":"C","777":",","778":"W","779":"A","780":"A","781":"W","782":",","783":"G","784":"A","785":"A","786":"G","787":",","788":"C","789":"A","790":"A","791":"C","792":";","793":"M","794":"A","795":"C","796":"r","797":"C","798":",","799":"M","800":"A","801":"A","802":"M","803":",","804":"O","805":"A","806":"A","807":"O","808":",","809":"G","810":"A","811":"A","812":"G","813":",","814":"I","815":"A","816":"A","817":"I","818":",","819":"C","820":"A","821":"A","822":"C","823":",","824":"I","825":"A","826":"A","827":"I","828":",","829":"C","830":"A","831":"A","832":"C","833":",","834":"I","835":"A","836":"A","837":"I","838":",","839":"C","840":"A","841":"A","842":"C","843":",","844":"a","845":"A","846":"A","847":"a","848":",","849":"C","850":"A","851":"A","852":"C","853":",","854":"M","855":"A","856":"A","857":"M","858":",","859":"G","860":"A","861":"A","862":"G","863":",","864":"E","865":"A","866":"A","867":"E","868":",","869":"C","870":"A","871":"A","872":"C","873":";","874":"M","875":"A","876":"C","877":"z","878":"D","879":",","880":"O","881":"A","882":"A","883":"O","884":",","885":"Q","886":"A","887":"A","888":"Q","889":",","890":"I","891":"A","892":"A","893":"I","894":",","895":"O","896":"A","897":"A","898":"O","899":",","900":"G","901":"A","902":"A","903":"G","904":",","905":"Q","906":"A","907":"A","908":"Q","909":",","910":"G","911":"A","912":"A","913":"G","914":",","915":"S","916":"A","917":"A","918":"S","919":";","920":"I","921":"A","922":"C","923":"n","924":"D","925":",","926":"C","927":"A","928":"A","929":"C","930":";","931":"I","932":"A","933":"E","934":"D","935":",","936":"a","937":"A","938":"A","939":"a","940":",","941":"G","942":"A","943":"A","944":"G","945":";","946":"M","947":"A","948":"C","949":"d","950":",","951":"M","952":"A","953":"A","954":"M","955":",","956":"U","957":"A","958":"A","959":"U","960":",","961":"G","962":"A","963":"A","964":"G","965":",","966":"I","967":"A","968":"A","969":"I","970":",","971":"C","972":"A","973":"A","974":"C","975":",","976":"W","977":"A","978":"A","979":"W","980":";","981":"M","982":"A","983":"C","984":"n","985":"C","986":";","987":"M","988":"A","989":"C","990":"A","991":";","992":"M","993":"A","994":"C","995":"A","996":",","997":"M","998":"A","999":"A","1000":"M","1001":",","1002":"a","1003":"A","1004":"A","1005":"a","1006":",","1007":"G","1008":"A","1009":"A","1010":"G","1011":",","1012":"C","1013":"A","1014":"A","1015":"C","1016":",","1017":"U","1018":"A","1019":"A","1020":"U","1021":",","1022":"G","1023":"A","1024":"A","1025":"G","1026":",","1027":"C","1028":"A","1029":"A","1030":"C","1031":",","1032":"I","1033":"A","1034":"A","1035":"I","1036":",","1037":"E","1038":"A","1039":"A","1040":"E","1041":";","1042":"M","1043":"A","1044":"C","1045":"3","1046":"C","1047":",","1048":"M","1049":"A","1050":"A","1051":"M","1052":",","1053":"Y","1054":"A","1055":"A","1056":"Y","1057":",","1058":"G","1059":"A","1060":"A","1061":"G","1062":",","1063":"U","1064":"A","1065":"A","1066":"U","1067":",","1068":"G","1069":"A","1070":"A","1071":"G","1072":",","1073":"E","1074":"A","1075":"A","1076":"E","1077":";","1078":"M","1079":"A","1080":"C","1081":"p","1082":"C","1083":",","1084":"O","1085":"A","1086":"A","1087":"O","1088":",","1089":"I","1090":"A","1091":"A","1092":"I","1093":",","1094":"C","1095":"A","1096":"A","1097":"C","1098":",","1099":"a","1100":"A","1101":"A","1102":"a","1103":",","1104":"C","1105":"A","1106":"A","1107":"C","1108":",","1109":"K","1110":"A","1111":"A","1112":"K","1113":",","1114":"C","1115":"A","1116":"A","1117":"C","1118":",","1119":"a","1120":"A","1121":"A","1122":"a","1123":",","1124":"E","1125":"A","1126":"A","1127":"E","1128":",","1129":"Y","1130":"A","1131":"A","1132":"Y","1133":",","1134":"C","1135":"A","1136":"A","1137":"C","1138":";","1139":"I","1140":"A","1141":"C","1142":"9","1143":"D","1144":";","1145":";","1146":"I","1147":"A","1148":"E","1149":"A","1150":";","1151":"I","1152":"A","1153":"C","1154":"A","1155":";","1156":"I","1157":"A","1158":"C","1159":"A","1160":";","1161":"I","1162":"A","1163":"C","1164":"A","1165":";","1166":"I","1167":"A","1168":"C","1169":"A","1170":";","1171":";","1172":"I","1173":"A","1174":"E","1175":"A","1176":";","1177":"I","1178":"A","1179":"C","1180":"A","1181":";","1182":"I","1183":"A","1184":"C","1185":"A","1186":";","1187":"I","1188":"A","1189":"C","1190":"A","1191":";","1192":"I","1193":"A","1194":"C","1195":"A","1196":";","1197":";","1198":"I","1199":"A","1200":"E","1201":"A","1202":";","1203":"I","1204":"A","1205":"C","1206":"A","1207":";","1208":"I","1209":"A","1210":"C","1211":"A","1212":";","1213":"I","1214":"A","1215":"C","1216":"A","1217":";","1218":"I","1219":"A","1220":"C","1221":"A","1222":";","1223":";","1224":"I","1225":"A","1226":"E","1227":"A","1228":";","1229":"I","1230":"A","1231":"C","1232":"A","1233":";","1234":"I","1235":"A","1236":"C","1237":"A","1238":";","1239":"I","1240":"A","1241":"C","1242":"A","1243":";","1244":"I","1245":"A","1246":"C","1247":"A","1248":";","1249":"I","1250":"A","1251":"C","1252":"A","1253":";","1254":"I","1255":"A","1256":"C","1257":"A","1258":";","1259":"I","1260":"A","1261":"C","1262":"A","1263":";","1264":";","1265":"I","1266":"A","1267":"E","1268":"A","1269":";","1270":"E","1271":"A","1272":"C","1273":"F","1274":",","1275":"C","1276":"A","1277":"A","1278":"C","1279":";","1280":";","1281":"E","1282":"A","1283":"E","1284":"D","1285":",","1286":"M","1287":"A","1288":"A","1289":"M","1290":",","1291":"O","1292":"A","1293":"A","1294":"O","1295":",","1296":"G","1297":"A","1298":"A","1299":"G","1300":";","1301":"I","1302":"A","1303":"C","1304":"d","1305":";","1306":"I","1307":"A","1308":"C","1309":"A","1310":";","1311":"I","1312":"A","1313":"C","1314":"A","1315":";","1316":"I","1317":"A","1318":"C","1319":"A","1320":";","1321":"I","1322":"A","1323":"C","1324":"A","1325":";","1326":"I","1327":"A","1328":"C","1329":"A","1330":";","1331":"I","1332":"A","1333":"C","1334":"A","1335":";","1336":"I","1337":"A","1338":"C","1339":"A","1340":";","1341":"I","1342":"A","1343":"C","1344":"A","1345":";","1346":"I","1347":"A","1348":"C","1349":"A","1350":";","1351":"I","1352":"A","1353":"C","1354":"A","1355":";","1356":"I","1357":"A","1358":"C","1359":"A","1360":";","1361":"I","1362":"A","1363":"C","1364":"A","1365":";","1366":"I","1367":"A","1368":"C","1369":"A","1370":",","1371":"I","1372":"A","1373":"A","1374":"I","1375":",","1376":"C","1377":"A","1378":"A","1379":"C","1380":",","1381":"U","1382":"A","1383":"A","1384":"U","1385":",","1386":"E","1387":"A","1388":"A","1389":"E","1390":";","1391":"E","1392":"A","1393":"C","1394":"n","1395":"B","1396":",","1397":"C","1398":"A","1399":"A","1400":"C","1401":";","1402":"E","1403":"A","1404":"E","1405":"D","1406":",","1407":"O","1408":"A","1409":"A","1410":"O","1411":",","1412":"E","1413":"A","1414":"A","1415":"E","1416":";","1417":"I","1418":"A","1419":"C","1420":"P","1421":";","1422":"I","1423":"A","1424":"A","1425":"G","1426":";","1427":"I","1428":"A","1429":"A","1430":"A","1431":";","1432":"I","1433":"A","1434":"A","1435":"A","1436":";","1437":"I","1438":"A","1439":"A","1440":"A","1441":";","1442":"I","1443":"A","1444":"A","1445":"A","1446":";","1447":"I","1448":"A","1449":"A","1450":"A","1451":",","1452":"U","1453":"A","1454":"A","1455":"U","1456":",","1457":"E","1458":"A","1459":"A","1460":"C","1461":";","1462":"I","1463":"A","1464":"A","1465":"C","1466":";","1467":"I","1468":"A","1469":"A","1470":"A","1471":";","1472":"I","1473":"A","1474":"A","1475":"A","1476":";","1477":"I","1478":"A","1479":"A","1480":"A","1481":",","1482":"U","1483":"A","1484":"A","1485":"U","1486":",","1487":"C","1488":"A","1489":"A","1490":"C","1491":";","1492":"E","1493":"A","1494":"C","1495":"5","1496":"B","1497":";","1498":"A","1499":"A","1500":"C","1501":"F","1502":",","1503":"C","1504":"A","1505":"A","1506":"C","1507":";","1508":"A","1509":"A","1510":"A","1511":"A","1512":";","1513":"A","1514":"A","1515":"A","1516":"A","1517":"\"","1518":",","1519":"\"","1520":"f","1521":"i","1522":"l","1523":"e","1524":"\"","1525":":","1526":"\"","1527":"C","1528":":","1529":"\\","1530":"\\","1531":"x","1532":"a","1533":"m","1534":"p","1535":"p","1536":"_","1537":"1","1538":"\\","1539":"\\","1540":"h","1541":"t","1542":"d","1543":"o","1544":"c","1545":"s","1546":"\\","1547":"\\","1548":"U","1549":"D","1550":"E","1551":"M","1552":"Y","1553":"_","1554":"V","1555":"U","1556":"E","1557":"_","1558":"M","1559":"A","1560":"S","1561":"T","1562":"E","1563":"R","1564":"C","1565":"L","1566":"A","1567":"S","1568":"S","1569":"\\","1570":"\\","1571":"U","1572":"D","1573":"E","1574":"M","1575":"Y","1576":"_","1577":"V","1578":"U","1579":"E","1580":"_","1581":"M","1582":"A","1583":"S","1584":"T","1585":"E","1586":"R","1587":"C","1588":"L","1589":"A","1590":"S","1591":"S","1592":"\\","1593":"\\","1594":"j","1595":"o","1596":"b","1597":"-","1598":"s","1599":"e","1600":"a","1601":"r","1602":"c","1603":"h","1604":"\\","1605":"\\","1606":"s","1607":"r","1608":"c","1609":"\\","1610":"\\","1611":"c","1612":"o","1613":"m","1614":"p","1615":"o","1616":"n","1617":"e","1618":"n","1619":"t","1620":"s","1621":"\\","1622":"\\","1623":"J","1624":"o","1625":"b","1626":"R","1627":"e","1628":"s","1629":"u","1630":"l","1631":"t","1632":"s","1633":"\\","1634":"\\","1635":"J","1636":"o","1637":"b","1638":"L","1639":"i","1640":"s","1641":"t","1642":"i","1643":"n","1644":"g","1645":"s","1646":".","1647":"v","1648":"u","1649":"e","1650":"\"","1651":",","1652":"\"","1653":"s","1654":"o","1655":"u","1656":"r","1657":"c","1658":"e","1659":"s","1660":"C","1661":"o","1662":"n","1663":"t","1664":"e","1665":"n","1666":"t","1667":"\"","1668":":","1669":"[","1670":"\"","1671":"<","1672":"t","1673":"e","1674":"m","1675":"p","1676":"l","1677":"a","1678":"t","1679":"e","1680":">","1681":"\\","1682":"n","1683":" ","1684":" ","1685":"<","1686":"m","1687":"a","1688":"i","1689":"n","1690":" ","1691":"c","1692":"l","1693":"a","1694":"s","1695":"s","1696":"=","1697":"\\","1698":"\"","1699":"f","1700":"l","1701":"e","1702":"x","1703":"-","1704":"a","1705":"u","1706":"t","1707":"o","1708":" ","1709":"p","1710":"-","1711":"8","1712":" ","1713":"b","1714":"g","1715":"-","1716":"b","1717":"r","1718":"a","1719":"n","1720":"d","1721":"-","1722":"g","1723":"r","1724":"a","1725":"y","1726":"-","1727":"2","1728":"\\","1729":"\"","1730":">","1731":"\\","1732":"n","1733":" ","1734":" ","1735":" ","1736":" ","1737":"<","1738":"o","1739":"l","1740":">","1741":"\\","1742":"n","1743":" ","1744":" ","1745":" ","1746":" ","1747":" ","1748":" ","1749":"<","1750":"j","1751":"o","1752":"b","1753":"-","1754":"l","1755":"i","1756":"s","1757":"t","1758":"i","1759":"n","1760":"g","1761":"\\","1762":"n","1763":" ","1764":" ","1765":" ","1766":" ","1767":" ","1768":" ","1769":" ","1770":" ","1771":"v","1772":"-","1773":"f","1774":"o","1775":"r","1776":"=","1777":"\\","1778":"\"","1779":"j","1780":"o","1781":"b","1782":" ","1783":"i","1784":"n","1785":" ","1786":"d","1787":"i","1788":"s","1789":"p","1790":"l","1791":"a","1792":"y","1793":"e","1794":"d","1795":"J","1796":"o","1797":"b","1798":"s","1799":"\\","1800":"\"","1801":"\\","1802":"n","1803":" ","1804":" ","1805":" ","1806":" ","1807":" ","1808":" ","1809":" ","1810":" ","1811":":","1812":"k","1813":"e","1814":"y","1815":"=","1816":"\\","1817":"\"","1818":"j","1819":"o","1820":"b","1821":".","1822":"i","1823":"d","1824":"\\","1825":"\"","1826":"\\","1827":"n","1828":" ","1829":" ","1830":" ","1831":" ","1832":" ","1833":" ","1834":" ","1835":" ","1836":":","1837":"j","1838":"o","1839":"b","1840":"=","1841":"\\","1842":"\"","1843":"j","1844":"o","1845":"b","1846":"\\","1847":"\"","1848":"\\","1849":"n","1850":" ","1851":" ","1852":" ","1853":" ","1854":" ","1855":" ","1856":" ","1857":" ","1858":"d","1859":"a","1860":"t","1861":"a","1862":"-","1863":"t","1864":"e","1865":"s","1866":"t","1867":"=","1868":"\\","1869":"\"","1870":"j","1871":"o","1872":"b","1873":"-","1874":"l","1875":"i","1876":"s","1877":"t","1878":"i","1879":"n","1880":"g","1881":"\\","1882":"\"","1883":"\\","1884":"n","1885":" ","1886":" ","1887":" ","1888":" ","1889":" ","1890":" ","1891":"/","1892":">","1893":"\\","1894":"n","1895":" ","1896":" ","1897":" ","1898":" ","1899":"<","1900":"/","1901":"o","1902":"l","1903":">","1904":"\\","1905":"n","1906":" ","1907":" ","1908":" ","1909":" ","1910":"<","1911":"d","1912":"i","1913":"v","1914":" ","1915":"c","1916":"l","1917":"a","1918":"s","1919":"s","1920":"=","1921":"\\","1922":"\"","1923":"m","1924":"t","1925":"-","1926":"8","1927":" ","1928":"m","1929":"x","1930":"-","1931":"a","1932":"u","1933":"t","1934":"o","1935":"\\","1936":"\"","1937":">","1938":"\\","1939":"n","1940":" ","1941":" ","1942":" ","1943":" ","1944":" ","1945":" ","1946":"<","1947":"d","1948":"i","1949":"v","1950":" ","1951":"c","1952":"l","1953":"a","1954":"s","1955":"s","1956":"=","1957":"\\","1958":"\"","1959":"f","1960":"l","1961":"e","1962":"x","1963":" ","1964":"f","1965":"l","1966":"e","1967":"x","1968":"-","1969":"r","1970":"o","1971":"w","1972":" ","1973":"f","1974":"l","1975":"e","1976":"x","1977":"-","1978":"n","1979":"o","1980":"w","1981":"r","1982":"a","1983":"p","1984":"\\","1985":"\"","1986":">","1987":"\\","1988":"n","1989":" ","1990":" ","1991":" ","1992":" ","1993":" ","1994":" ","1995":" ","1996":" ","1997":"<","1998":"p","1999":" ","2000":"c","2001":"l","2002":"a","2003":"s","2004":"s","2005":"=","2006":"\\","2007":"\"","2008":"t","2009":"e","2010":"x","2011":"t","2012":"-","2013":"s","2014":"m","2015":" ","2016":"f","2017":"l","2018":"e","2019":"x","2020":"-","2021":"g","2022":"r","2023":"o","2024":"w","2025":"\\","2026":"\"","2027":">","2028":"P","2029":"a","2030":"g","2031":"e","2032":" ","2033":"{","2034":"{","2035":" ","2036":"c","2037":"u","2038":"r","2039":"r","2040":"e","2041":"n","2042":"t","2043":"P","2044":"a","2045":"g","2046":"e","2047":" ","2048":"}","2049":"}","2050":"<","2051":"/","2052":"p","2053":">","2054":"\\","2055":"n","2056":"\\","2057":"n","2058":" ","2059":" ","2060":" ","2061":" ","2062":" ","2063":" ","2064":" ","2065":" ","2066":"<","2067":"d","2068":"i","2069":"v","2070":" ","2071":"c","2072":"l","2073":"a","2074":"s","2075":"s","2076":"=","2077":"\\","2078":"\"","2079":"f","2080":"l","2081":"e","2082":"x","2083":" ","2084":"i","2085":"t","2086":"e","2087":"m","2088":"s","2089":"-","2090":"c","2091":"e","2092":"n","2093":"t","2094":"e","2095":"r","2096":" ","2097":"j","2098":"u","2099":"s","2100":"t","2101":"i","2102":"f","2103":"y","2104":"-","2105":"c","2106":"e","2107":"n","2108":"t","2109":"e","2110":"r","2111":"\\","2112":"\"","2113":">","2114":"\\","2115":"n","2116":" ","2117":" ","2118":" ","2119":" ","2120":" ","2121":" ","2122":" ","2123":" ","2124":" ","2125":" ","2126":"<","2127":"r","2128":"o","2129":"u","2130":"t","2131":"e","2132":"r","2133":"-","2134":"l","2135":"i","2136":"n","2137":"k","2138":"\\","2139":"n","2140":" ","2141":" ","2142":" ","2143":" ","2144":" ","2145":" ","2146":" ","2147":" ","2148":" ","2149":" ","2150":" ","2151":" ","2152":"v","2153":"-","2154":"i","2155":"f","2156":"=","2157":"\\","2158":"\"","2159":"p","2160":"r","2161":"e","2162":"v","2163":"i","2164":"o","2165":"u","2166":"s","2167":"P","2168":"a","2169":"g","2170":"e","2171":"\\","2172":"\"","2173":"\\","2174":"n","2175":" ","2176":" ","2177":" ","2178":" ","2179":" ","2180":" ","2181":" ","2182":" ","2183":" ","2184":" ","2185":" ","2186":" ","2187":":","2188":"t","2189":"o","2190":"=","2191":"\\","2192":"\"","2193":"{","2194":" ","2195":"n","2196":"a","2197":"m","2198":"e","2199":":","2200":" ","2201":"'","2202":"J","2203":"o","2204":"b","2205":"R","2206":"e","2207":"s","2208":"u","2209":"l","2210":"t","2211":"s","2212":"'","2213":",","2214":" ","2215":"q","2216":"u","2217":"e","2218":"r","2219":"y","2220":":","2221":" ","2222":"{","2223":" ","2224":"p","2225":"a","2226":"g","2227":"e","2228":":","2229":" ","2230":"p","2231":"r","2232":"e","2233":"v","2234":"i","2235":"o","2236":"u","2237":"s","2238":"P","2239":"a","2240":"g","2241":"e","2242":" ","2243":"}","2244":" ","2245":"}","2246":"\\","2247":"\"","2248":"\\","2249":"n","2250":" ","2251":" ","2252":" ","2253":" ","2254":" ","2255":" ","2256":" ","2257":" ","2258":" ","2259":" ","2260":" ","2261":" ","2262":"c","2263":"l","2264":"a","2265":"s","2266":"s","2267":"=","2268":"\\","2269":"\"","2270":"m","2271":"x","2272":"-","2273":"3","2274":" ","2275":"t","2276":"e","2277":"x","2278":"t","2279":"-","2280":"s","2281":"m","2282":" ","2283":"f","2284":"o","2285":"n","2286":"t","2287":"-","2288":"s","2289":"e","2290":"m","2291":"i","2292":"b","2293":"o","2294":"l","2295":"d","2296":" ","2297":"t","2298":"e","2299":"x","2300":"t","2301":"-","2302":"b","2303":"r","2304":"a","2305":"n","2306":"d","2307":"-","2308":"b","2309":"l","2310":"u","2311":"e","2312":"-","2313":"1","2314":"\\","2315":"\"","2316":"\\","2317":"n","2318":" ","2319":" ","2320":" ","2321":" ","2322":" ","2323":" ","2324":" ","2325":" ","2326":" ","2327":" ","2328":" ","2329":" ","2330":"d","2331":"a","2332":"t","2333":"a","2334":"-","2335":"t","2336":"e","2337":"s","2338":"t","2339":"=","2340":"\\","2341":"\"","2342":"p","2343":"r","2344":"e","2345":"v","2346":"i","2347":"o","2348":"u","2349":"s","2350":"-","2351":"p","2352":"a","2353":"g","2354":"e","2355":"-","2356":"l","2357":"i","2358":"n","2359":"k","2360":"\\","2361":"\"","2362":"\\","2363":"n","2364":" ","2365":" ","2366":" ","2367":" ","2368":" ","2369":" ","2370":" ","2371":" ","2372":" ","2373":" ","2374":" ","2375":" ","2376":">","2377":"P","2378":"r","2379":"e","2380":"v","2381":"i","2382":"o","2383":"u","2384":"s","2385":"<","2386":"/","2387":"r","2388":"o","2389":"u","2390":"t","2391":"e","2392":"r","2393":"-","2394":"l","2395":"i","2396":"n","2397":"k","2398":"\\","2399":"n","2400":" ","2401":" ","2402":" ","2403":" ","2404":" ","2405":" ","2406":" ","2407":" ","2408":" ","2409":" ","2410":">","2411":"\\","2412":"n","2413":"\\","2414":"n","2415":" ","2416":" ","2417":" ","2418":" ","2419":" ","2420":" ","2421":" ","2422":" ","2423":" ","2424":" ","2425":"<","2426":"r","2427":"o","2428":"u","2429":"t","2430":"e","2431":"r","2432":"-","2433":"l","2434":"i","2435":"n","2436":"k","2437":"\\","2438":"n","2439":" ","2440":" ","2441":" ","2442":" ","2443":" ","2444":" ","2445":" ","2446":" ","2447":" ","2448":" ","2449":" ","2450":" ","2451":"v","2452":"-","2453":"i","2454":"f","2455":"=","2456":"\\","2457":"\"","2458":"n","2459":"e","2460":"x","2461":"t","2462":"P","2463":"a","2464":"g","2465":"e","2466":"\\","2467":"\"","2468":"\\","2469":"n","2470":" ","2471":" ","2472":" ","2473":" ","2474":" ","2475":" ","2476":" ","2477":" ","2478":" ","2479":" ","2480":" ","2481":" ","2482":":","2483":"t","2484":"o","2485":"=","2486":"\\","2487":"\"","2488":"{","2489":" ","2490":"n","2491":"a","2492":"m","2493":"e","2494":":","2495":" ","2496":"'","2497":"J","2498":"o","2499":"b","2500":"R","2501":"e","2502":"s","2503":"u","2504":"l","2505":"t","2506":"s","2507":"'","2508":",","2509":" ","2510":"q","2511":"u","2512":"e","2513":"r","2514":"y","2515":":","2516":" ","2517":"{","2518":" ","2519":"p","2520":"a","2521":"g","2522":"e","2523":":","2524":" ","2525":"n","2526":"e","2527":"x","2528":"t","2529":"P","2530":"a","2531":"g","2532":"e","2533":" ","2534":"}","2535":" ","2536":"}","2537":"\\","2538":"\"","2539":"\\","2540":"n","2541":" ","2542":" ","2543":" ","2544":" ","2545":" ","2546":" ","2547":" ","2548":" ","2549":" ","2550":" ","2551":" ","2552":" ","2553":"c","2554":"l","2555":"a","2556":"s","2557":"s","2558":"=","2559":"\\","2560":"\"","2561":"m","2562":"x","2563":"-","2564":"3","2565":" ","2566":"t","2567":"e","2568":"x","2569":"t","2570":"-","2571":"s","2572":"m","2573":" ","2574":"f","2575":"o","2576":"n","2577":"t","2578":"-","2579":"s","2580":"e","2581":"m","2582":"i","2583":"b","2584":"o","2585":"l","2586":"d","2587":" ","2588":"t","2589":"e","2590":"x","2591":"t","2592":"-","2593":"b","2594":"r","2595":"a","2596":"n","2597":"d","2598":"-","2599":"b","2600":"l","2601":"u","2602":"e","2603":"-","2604":"1","2605":"\\","2606":"\"","2607":"\\","2608":"n","2609":" ","2610":" ","2611":" ","2612":" ","2613":" ","2614":" ","2615":" ","2616":" ","2617":" ","2618":" ","2619":" ","2620":" ","2621":"d","2622":"a","2623":"t","2624":"a","2625":"-","2626":"t","2627":"e","2628":"s","2629":"t","2630":"=","2631":"\\","2632":"\"","2633":"n","2634":"e","2635":"x","2636":"t","2637":"-","2638":"p","2639":"a","2640":"g","2641":"e","2642":"-","2643":"l","2644":"i","2645":"n","2646":"k","2647":"\\","2648":"\"","2649":"\\","2650":"n","2651":" ","2652":" ","2653":" ","2654":" ","2655":" ","2656":" ","2657":" ","2658":" ","2659":" ","2660":" ","2661":" ","2662":" ","2663":">","2664":"N","2665":"e","2666":"x","2667":"t","2668":"<","2669":"/","2670":"r","2671":"o","2672":"u","2673":"t","2674":"e","2675":"r","2676":"-","2677":"l","2678":"i","2679":"n","2680":"k","2681":"\\","2682":"n","2683":" ","2684":" ","2685":" ","2686":" ","2687":" ","2688":" ","2689":" ","2690":" ","2691":" ","2692":" ","2693":">","2694":"\\","2695":"n","2696":" ","2697":" ","2698":" ","2699":" ","2700":" ","2701":" ","2702":" ","2703":" ","2704":"<","2705":"/","2706":"d","2707":"i","2708":"v","2709":">","2710":"\\","2711":"n","2712":" ","2713":" ","2714":" ","2715":" ","2716":" ","2717":" ","2718":"<","2719":"/","2720":"d","2721":"i","2722":"v","2723":">","2724":"\\","2725":"n","2726":" ","2727":" ","2728":" ","2729":" ","2730":"<","2731":"/","2732":"d","2733":"i","2734":"v","2735":">","2736":"\\","2737":"n","2738":" ","2739":" ","2740":"<","2741":"/","2742":"m","2743":"a","2744":"i","2745":"n","2746":">","2747":"\\","2748":"n","2749":"<","2750":"/","2751":"t","2752":"e","2753":"m","2754":"p","2755":"l","2756":"a","2757":"t","2758":"e","2759":">","2760":"\\","2761":"n","2762":"\\","2763":"n","2764":"<","2765":"s","2766":"c","2767":"r","2768":"i","2769":"p","2770":"t","2771":">","2772":"\\","2773":"n","2774":"/","2775":"/","2776":" ","2777":"i","2778":"m","2779":"p","2780":"o","2781":"r","2782":"t","2783":" ","2784":"a","2785":"x","2786":"i","2787":"o","2788":"s","2789":" ","2790":"f","2791":"r","2792":"o","2793":"m","2794":" ","2795":"\\","2796":"\"","2797":"a","2798":"x","2799":"i","2800":"o","2801":"s","2802":"\\","2803":"\"","2804":";","2805":"\\","2806":"n","2807":"/","2808":"/","2809":" ","2810":"i","2811":"m","2812":"p","2813":"o","2814":"r","2815":"t","2816":" ","2817":"{","2818":" ","2819":"m","2820":"a","2821":"p","2822":"S","2823":"t","2824":"a","2825":"t","2826":"e","2827":",","2828":" ","2829":"m","2830":"a","2831":"p","2832":"A","2833":"c","2834":"t","2835":"i","2836":"o","2837":"n","2838":"s","2839":" ","2840":"}","2841":" ","2842":"f","2843":"r","2844":"o","2845":"m","2846":" ","2847":"\\","2848":"\"","2849":"v","2850":"u","2851":"e","2852":"x","2853":"\\","2854":"\"","2855":";","2856":"\\","2857":"n","2858":"i","2859":"m","2860":"p","2861":"o","2862":"r","2863":"t","2864":" ","2865":"{","2866":" ","2867":"m","2868":"a","2869":"p","2870":"A","2871":"c","2872":"t","2873":"i","2874":"o","2875":"n","2876":"s","2877":",","2878":" ","2879":"m","2880":"a","2881":"p","2882":"G","2883":"e","2884":"t","2885":"t","2886":"e","2887":"r","2888":"s","2889":" ","2890":"}","2891":" ","2892":"f","2893":"r","2894":"o","2895":"m","2896":" ","2897":"\\","2898":"\"","2899":"v","2900":"u","2901":"e","2902":"x","2903":"\\","2904":"\"","2905":";","2906":"\\","2907":"n","2908":"i","2909":"m","2910":"p","2911":"o","2912":"r","2913":"t","2914":" ","2915":"{","2916":" ","2917":"F","2918":"E","2919":"T","2920":"C","2921":"H","2922":"_","2923":"J","2924":"O","2925":"B","2926":"S","2927":",","2928":" ","2929":"F","2930":"I","2931":"L","2932":"T","2933":"E","2934":"R","2935":"E","2936":"D","2937":"_","2938":"J","2939":"O","2940":"B","2941":"S","2942":" ","2943":"}","2944":" ","2945":"f","2946":"r","2947":"o","2948":"m","2949":" ","2950":"\\","2951":"\"","2952":"@","2953":"/","2954":"s","2955":"t","2956":"o","2957":"r","2958":"e","2959":"/","2960":"c","2961":"o","2962":"n","2963":"s","2964":"t","2965":"a","2966":"n","2967":"t","2968":"s","2969":"\\","2970":"\"","2971":";","2972":"\\","2973":"n","2974":"\\","2975":"n","2976":"i","2977":"m","2978":"p","2979":"o","2980":"r","2981":"t","2982":" ","2983":"J","2984":"o","2985":"b","2986":"L","2987":"i","2988":"s","2989":"t","2990":"i","2991":"n","2992":"g","2993":" ","2994":"f","2995":"r","2996":"o","2997":"m","2998":" ","2999":"\\","3000":"\"","3001":"@","3002":"/","3003":"c","3004":"o","3005":"m","3006":"p","3007":"o","3008":"n","3009":"e","3010":"n","3011":"t","3012":"s","3013":"/","3014":"J","3015":"o","3016":"b","3017":"R","3018":"e","3019":"s","3020":"u","3021":"l","3022":"t","3023":"s","3024":"/","3025":"J","3026":"o","3027":"b","3028":"L","3029":"i","3030":"s","3031":"t","3032":"i","3033":"n","3034":"g","3035":".","3036":"v","3037":"u","3038":"e","3039":"\\","3040":"\"","3041":";","3042":"\\","3043":"n","3044":"\\","3045":"n","3046":"e","3047":"x","3048":"p","3049":"o","3050":"r","3051":"t","3052":" ","3053":"d","3054":"e","3055":"f","3056":"a","3057":"u","3058":"l","3059":"t","3060":" ","3061":"{","3062":"\\","3063":"n","3064":" ","3065":" ","3066":"n","3067":"a","3068":"m","3069":"e","3070":":","3071":" ","3072":"\\","3073":"\"","3074":"J","3075":"o","3076":"b","3077":"L","3078":"i","3079":"s","3080":"t","3081":"i","3082":"n","3083":"g","3084":"s","3085":"\\","3086":"\"","3087":",","3088":"\\","3089":"n","3090":" ","3091":" ","3092":"c","3093":"o","3094":"m","3095":"p","3096":"o","3097":"n","3098":"e","3099":"n","3100":"t","3101":"s","3102":":","3103":" ","3104":"{","3105":"\\","3106":"n","3107":" ","3108":" ","3109":" ","3110":" ","3111":"J","3112":"o","3113":"b","3114":"L","3115":"i","3116":"s","3117":"t","3118":"i","3119":"n","3120":"g","3121":",","3122":"\\","3123":"n","3124":" ","3125":" ","3126":"}","3127":",","3128":"\\","3129":"n","3130":"\\","3131":"n","3132":" ","3133":" ","3134":"/","3135":"/","3136":" ","3137":"d","3138":"a","3139":"t","3140":"a","3141":"(","3142":")","3143":" ","3144":"{","3145":"\\","3146":"n","3147":" ","3148":" ","3149":"/","3150":"/","3151":" ","3152":" ","3153":" ","3154":"r","3155":"e","3156":"t","3157":"u","3158":"r","3159":"n","3160":" ","3161":"{","3162":"\\","3163":"n","3164":" ","3165":" ","3166":"/","3167":"/","3168":" ","3169":" ","3170":" ","3171":" ","3172":" ","3173":"j","3174":"o","3175":"b","3176":"s","3177":":","3178":" ","3179":"[","3180":"]","3181":",","3182":"\\","3183":"n","3184":" ","3185":" ","3186":"/","3187":"/","3188":" ","3189":" ","3190":" ","3191":"}","3192":";","3193":"\\","3194":"n","3195":" ","3196":" ","3197":"/","3198":"/","3199":" ","3200":"}","3201":",","3202":"\\","3203":"n","3204":"\\","3205":"n","3206":" ","3207":" ","3208":"c","3209":"o","3210":"m","3211":"p","3212":"u","3213":"t","3214":"e","3215":"d","3216":":","3217":" ","3218":"{","3219":"\\","3220":"n","3221":" ","3222":" ","3223":" ","3224":" ","3225":".","3226":".","3227":".","3228":"m","3229":"a","3230":"p","3231":"G","3232":"e","3233":"t","3234":"t","3235":"e","3236":"r","3237":"s","3238":"(","3239":"[","3240":"F","3241":"I","3242":"L","3243":"T","3244":"E","3245":"R","3246":"E","3247":"D","3248":"_","3249":"J","3250":"O","3251":"B","3252":"S","3253":"]","3254":")","3255":",","3256":"\\","3257":"n","3258":"\\","3259":"n","3260":" ","3261":" ","3262":" ","3263":" ","3264":"c","3265":"u","3266":"r","3267":"r","3268":"e","3269":"n","3270":"t","3271":"P","3272":"a","3273":"g","3274":"e","3275":"(","3276":")","3277":" ","3278":"{","3279":"\\","3280":"n","3281":" ","3282":" ","3283":" ","3284":" ","3285":" ","3286":" ","3287":"c","3288":"o","3289":"n","3290":"s","3291":"t","3292":" ","3293":"p","3294":"a","3295":"g","3296":"e","3297":"S","3298":"t","3299":"r","3300":"i","3301":"n","3302":"g","3303":" ","3304":"=","3305":" ","3306":"t","3307":"h","3308":"i","3309":"s","3310":".","3311":"$","3312":"r","3313":"o","3314":"u","3315":"t","3316":"e","3317":".","3318":"q","3319":"u","3320":"e","3321":"r","3322":"y","3323":".","3324":"p","3325":"a","3326":"g","3327":"e","3328":" ","3329":"|","3330":"|","3331":" ","3332":"\\","3333":"\"","3334":"1","3335":"\\","3336":"\"","3337":";","3338":"\\","3339":"n","3340":" ","3341":" ","3342":" ","3343":" ","3344":" ","3345":" ","3346":"/","3347":"/","3348":" ","3349":"c","3350":"o","3351":"n","3352":"s","3353":"t","3354":" ","3355":"p","3356":"a","3357":"g","3358":"e","3359":"N","3360":"u","3361":"m","3362":"b","3363":"e","3364":"r","3365":" ","3366":"=","3367":" ","3368":"N","3369":"u","3370":"m","3371":"b","3372":"e","3373":"r","3374":".","3375":"p","3376":"a","3377":"r","3378":"s","3379":"e","3380":"I","3381":"n","3382":"t","3383":"(","3384":"p","3385":"a","3386":"g","3387":"e","3388":"S","3389":"t","3390":"r","3391":"i","3392":"n","3393":"g","3394":")","3395":";","3396":"\\","3397":"n","3398":" ","3399":" ","3400":" ","3401":" ","3402":" ","3403":" ","3404":"r","3405":"e","3406":"t","3407":"u","3408":"r","3409":"n","3410":" ","3411":"N","3412":"u","3413":"m","3414":"b","3415":"e","3416":"r","3417":".","3418":"p","3419":"a","3420":"r","3421":"s","3422":"e","3423":"I","3424":"n","3425":"t","3426":"(","3427":"p","3428":"a","3429":"g","3430":"e","3431":"S","3432":"t","3433":"r","3434":"i","3435":"n","3436":"g","3437":")","3438":";","3439":"\\","3440":"n","3441":" ","3442":" ","3443":" ","3444":" ","3445":"}","3446":",","3447":"\\","3448":"n","3449":"\\","3450":"n","3451":" ","3452":" ","3453":" ","3454":" ","3455":"p","3456":"r","3457":"e","3458":"v","3459":"i","3460":"o","3461":"u","3462":"s","3463":"P","3464":"a","3465":"g","3466":"e","3467":"(","3468":")","3469":" ","3470":"{","3471":"\\","3472":"n","3473":" ","3474":" ","3475":" ","3476":" ","3477":" ","3478":" ","3479":"c","3480":"o","3481":"n","3482":"s","3483":"t","3484":" ","3485":"p","3486":"r","3487":"e","3488":"v","3489":"i","3490":"o","3491":"u","3492":"s","3493":"P","3494":"a","3495":"g","3496":"e","3497":" ","3498":"=","3499":" ","3500":"t","3501":"h","3502":"i","3503":"s","3504":".","3505":"c","3506":"u","3507":"r","3508":"r","3509":"e","3510":"n","3511":"t","3512":"P","3513":"a","3514":"g","3515":"e","3516":" ","3517":"-","3518":" ","3519":"1","3520":";","3521":"\\","3522":"n","3523":" ","3524":" ","3525":" ","3526":" ","3527":" ","3528":" ","3529":"c","3530":"o","3531":"n","3532":"s","3533":"t","3534":" ","3535":"f","3536":"i","3537":"r","3538":"s","3539":"t","3540":"P","3541":"a","3542":"g","3543":"e","3544":" ","3545":"=","3546":" ","3547":"1","3548":";","3549":"\\","3550":"n","3551":" ","3552":" ","3553":" ","3554":" ","3555":" ","3556":" ","3557":"r","3558":"e","3559":"t","3560":"u","3561":"r","3562":"n","3563":" ","3564":"p","3565":"r","3566":"e","3567":"v","3568":"i","3569":"o","3570":"u","3571":"s","3572":"P","3573":"a","3574":"g","3575":"e","3576":" ","3577":">","3578":"=","3579":" ","3580":"f","3581":"i","3582":"r","3583":"s","3584":"t","3585":"P","3586":"a","3587":"g","3588":"e","3589":" ","3590":"?","3591":" ","3592":"p","3593":"r","3594":"e","3595":"v","3596":"i","3597":"o","3598":"u","3599":"s","3600":"P","3601":"a","3602":"g","3603":"e","3604":" ","3605":":","3606":" ","3607":"u","3608":"n","3609":"d","3610":"e","3611":"f","3612":"i","3613":"n","3614":"e","3615":"d","3616":";","3617":"\\","3618":"n","3619":" ","3620":" ","3621":" ","3622":" ","3623":"}","3624":",","3625":"\\","3626":"n","3627":"\\","3628":"n","3629":" ","3630":" ","3631":" ","3632":" ","3633":"n","3634":"e","3635":"x","3636":"t","3637":"P","3638":"a","3639":"g","3640":"e","3641":"(","3642":")","3643":" ","3644":"{","3645":"\\","3646":"n","3647":" ","3648":" ","3649":" ","3650":" ","3651":" ","3652":" ","3653":"c","3654":"o","3655":"n","3656":"s","3657":"t","3658":" ","3659":"n","3660":"e","3661":"x","3662":"t","3663":"P","3664":"a","3665":"g","3666":"e","3667":" ","3668":"=","3669":" ","3670":"t","3671":"h","3672":"i","3673":"s","3674":".","3675":"c","3676":"u","3677":"r","3678":"r","3679":"e","3680":"n","3681":"t","3682":"P","3683":"a","3684":"g","3685":"e","3686":" ","3687":"+","3688":" ","3689":"1","3690":";","3691":"\\","3692":"n","3693":" ","3694":" ","3695":" ","3696":" ","3697":" ","3698":" ","3699":"c","3700":"o","3701":"n","3702":"s","3703":"t","3704":" ","3705":"m","3706":"a","3707":"x","3708":"P","3709":"a","3710":"g","3711":"e","3712":" ","3713":"=","3714":" ","3715":"M","3716":"a","3717":"t","3718":"h","3719":".","3720":"c","3721":"e","3722":"i","3723":"l","3724":"(","3725":"t","3726":"h","3727":"i","3728":"s","3729":".","3730":"F","3731":"I","3732":"L","3733":"T","3734":"E","3735":"R","3736":"E","3737":"D","3738":"_","3739":"J","3740":"O","3741":"B","3742":"S","3743":".","3744":"l","3745":"e","3746":"n","3747":"g","3748":"t","3749":"h","3750":" ","3751":"/","3752":" ","3753":"1","3754":"0","3755":")","3756":";","3757":"\\","3758":"n","3759":" ","3760":" ","3761":" ","3762":" ","3763":" ","3764":" ","3765":"r","3766":"e","3767":"t","3768":"u","3769":"r","3770":"n","3771":" ","3772":"n","3773":"e","3774":"x","3775":"t","3776":"P","3777":"a","3778":"g","3779":"e","3780":" ","3781":"<","3782":"=","3783":" ","3784":"m","3785":"a","3786":"x","3787":"P","3788":"a","3789":"g","3790":"e","3791":" ","3792":"?","3793":" ","3794":"n","3795":"e","3796":"x","3797":"t","3798":"P","3799":"a","3800":"g","3801":"e","3802":" ","3803":":","3804":" ","3805":"u","3806":"n","3807":"d","3808":"e","3809":"f","3810":"i","3811":"n","3812":"e","3813":"d","3814":";","3815":"\\","3816":"n","3817":" ","3818":" ","3819":" ","3820":" ","3821":"}","3822":",","3823":"\\","3824":"n","3825":"\\","3826":"n","3827":" ","3828":" ","3829":" ","3830":" ","3831":"d","3832":"i","3833":"s","3834":"p","3835":"l","3836":"a","3837":"y","3838":"e","3839":"d","3840":"J","3841":"o","3842":"b","3843":"s","3844":"(","3845":")","3846":" ","3847":"{","3848":"\\","3849":"n","3850":" ","3851":" ","3852":" ","3853":" ","3854":" ","3855":" ","3856":"c","3857":"o","3858":"n","3859":"s","3860":"t","3861":" ","3862":"p","3863":"a","3864":"g","3865":"e","3866":"N","3867":"u","3868":"m","3869":"b","3870":"e","3871":"r","3872":" ","3873":"=","3874":" ","3875":"t","3876":"h","3877":"i","3878":"s","3879":".","3880":"c","3881":"u","3882":"r","3883":"r","3884":"e","3885":"n","3886":"t","3887":"P","3888":"a","3889":"g","3890":"e","3891":";","3892":"\\","3893":"n","3894":" ","3895":" ","3896":" ","3897":" ","3898":" ","3899":" ","3900":"/","3901":"/","3902":" ","3903":"c","3904":"o","3905":"n","3906":"s","3907":"t","3908":" ","3909":"p","3910":"a","3911":"g","3912":"e","3913":"S","3914":"t","3915":"r","3916":"i","3917":"n","3918":"g","3919":" ","3920":"=","3921":" ","3922":"t","3923":"h","3924":"i","3925":"s","3926":".","3927":"$","3928":"r","3929":"o","3930":"u","3931":"t","3932":"e","3933":".","3934":"q","3935":"u","3936":"e","3937":"r","3938":"y","3939":".","3940":"p","3941":"a","3942":"g","3943":"e","3944":" ","3945":"|","3946":"|","3947":" ","3948":"\\","3949":"\"","3950":"1","3951":"\\","3952":"\"","3953":";","3954":"\\","3955":"n","3956":" ","3957":" ","3958":" ","3959":" ","3960":" ","3961":" ","3962":"/","3963":"/","3964":" ","3965":"c","3966":"o","3967":"n","3968":"s","3969":"t","3970":" ","3971":"p","3972":"a","3973":"g","3974":"e","3975":"N","3976":"u","3977":"m","3978":"b","3979":"e","3980":"r","3981":" ","3982":"=","3983":" ","3984":"N","3985":"u","3986":"m","3987":"b","3988":"e","3989":"r","3990":".","3991":"p","3992":"a","3993":"r","3994":"s","3995":"e","3996":"I","3997":"n","3998":"t","3999":"(","4000":"p","4001":"a","4002":"g","4003":"e","4004":"S","4005":"t","4006":"r","4007":"i","4008":"n","4009":"g","4010":")","4011":";","4012":"\\","4013":"n","4014":" ","4015":" ","4016":" ","4017":" ","4018":" ","4019":" ","4020":"c","4021":"o","4022":"n","4023":"s","4024":"t","4025":" ","4026":"f","4027":"i","4028":"r","4029":"s","4030":"t","4031":"J","4032":"o","4033":"b","4034":"I","4035":"n","4036":"d","4037":"e","4038":"x","4039":" ","4040":"=","4041":" ","4042":"(","4043":"p","4044":"a","4045":"g","4046":"e","4047":"N","4048":"u","4049":"m","4050":"b","4051":"e","4052":"r","4053":" ","4054":"-","4055":" ","4056":"1","4057":")","4058":" ","4059":"*","4060":" ","4061":"1","4062":"0","4063":";","4064":"\\","4065":"n","4066":" ","4067":" ","4068":" ","4069":" ","4070":" ","4071":" ","4072":"c","4073":"o","4074":"n","4075":"s","4076":"t","4077":" ","4078":"l","4079":"a","4080":"s","4081":"t","4082":"J","4083":"o","4084":"b","4085":"I","4086":"n","4087":"d","4088":"e","4089":"x","4090":" ","4091":"=","4092":" ","4093":"p","4094":"a","4095":"g","4096":"e","4097":"N","4098":"u","4099":"m","4100":"b","4101":"e","4102":"r","4103":" ","4104":"*","4105":" ","4106":"1","4107":"0","4108":";","4109":"\\","4110":"n","4111":" ","4112":" ","4113":" ","4114":" ","4115":" ","4116":" ","4117":"r","4118":"e","4119":"t","4120":"u","4121":"r","4122":"n","4123":" ","4124":"t","4125":"h","4126":"i","4127":"s","4128":".","4129":"F","4130":"I","4131":"L","4132":"T","4133":"E","4134":"R","4135":"E","4136":"D","4137":"_","4138":"J","4139":"O","4140":"B","4141":"S","4142":".","4143":"s","4144":"l","4145":"i","4146":"c","4147":"e","4148":"(","4149":"f","4150":"i","4151":"r","4152":"s","4153":"t","4154":"J","4155":"o","4156":"b","4157":"I","4158":"n","4159":"d","4160":"e","4161":"x","4162":",","4163":" ","4164":"l","4165":"a","4166":"s","4167":"t","4168":"J","4169":"o","4170":"b","4171":"I","4172":"n","4173":"d","4174":"e","4175":"x","4176":")","4177":";","4178":"\\","4179":"n","4180":" ","4181":" ","4182":" ","4183":" ","4184":"}","4185":",","4186":"\\","4187":"n","4188":"\\","4189":"n","4190":" ","4191":" ","4192":" ","4193":" ","4194":"/","4195":"/","4196":" ","4197":"c","4198":"u","4199":"r","4200":"r","4201":"e","4202":"n","4203":"t","4204":"P","4205":"a","4206":"g","4207":"e","4208":"(","4209":")","4210":" ","4211":"{","4212":"\\","4213":"n","4214":" ","4215":" ","4216":" ","4217":" ","4218":"/","4219":"/","4220":" ","4221":" ","4222":" ","4223":"c","4224":"o","4225":"n","4226":"s","4227":"t","4228":" ","4229":"p","4230":"a","4231":"g","4232":"e","4233":"S","4234":"t","4235":"r","4236":"i","4237":"n","4238":"g","4239":" ","4240":"=","4241":" ","4242":"t","4243":"h","4244":"i","4245":"s","4246":".","4247":"$","4248":"r","4249":"o","4250":"u","4251":"t","4252":"e","4253":".","4254":"q","4255":"u","4256":"e","4257":"r","4258":"y","4259":".","4260":"p","4261":"a","4262":"g","4263":"e","4264":" ","4265":"|","4266":"|","4267":" ","4268":"\\","4269":"\"","4270":"1","4271":"\\","4272":"\"","4273":";","4274":"\\","4275":"n","4276":" ","4277":" ","4278":" ","4279":" ","4280":"/","4281":"/","4282":" ","4283":" ","4284":" ","4285":"/","4286":"/","4287":" ","4288":"c","4289":"o","4290":"n","4291":"s","4292":"t","4293":" ","4294":"p","4295":"a","4296":"g","4297":"e","4298":"N","4299":"u","4300":"m","4301":"b","4302":"e","4303":"r","4304":" ","4305":"=","4306":" ","4307":"N","4308":"u","4309":"m","4310":"b","4311":"e","4312":"r","4313":".","4314":"p","4315":"a","4316":"r","4317":"s","4318":"e","4319":"I","4320":"n","4321":"t","4322":"(","4323":"p","4324":"a","4325":"g","4326":"e","4327":"S","4328":"t","4329":"r","4330":"i","4331":"n","4332":"g","4333":")","4334":";","4335":"\\","4336":"n","4337":" ","4338":" ","4339":" ","4340":" ","4341":"/","4342":"/","4343":" ","4344":" ","4345":" ","4346":"r","4347":"e","4348":"t","4349":"u","4350":"r","4351":"n","4352":" ","4353":"N","4354":"u","4355":"m","4356":"b","4357":"e","4358":"r","4359":".","4360":"p","4361":"a","4362":"r","4363":"s","4364":"e","4365":"I","4366":"n","4367":"t","4368":"(","4369":"p","4370":"a","4371":"g","4372":"e"
[...]
"638":"S","639":"S","640":"\\","641":"\\","642":"U","643":"D","644":"E","645":"M","646":"Y","647":"_","648":"V","649":"U","650":"E","651":"_","652":"M","653":"A","654":"S","655":"T","656":"E","657":"R","658":"C","659":"L","660":"A","661":"S","662":"S","663":"\\","664":"\\","665":"j","666":"o","667":"b","668":"-","669":"s","670":"e","671":"a","672":"r","673":"c","674":"h","675":"\\","676":"\\","677":"s","678":"r","679":"c","680":"\\","681":"\\","682":"c","683":"o","684":"m","685":"p","686":"o","687":"n","688":"e","689":"n","690":"t","691":"s","692":"\\","693":"\\","694":"S","695":"h","696":"a","697":"r","698":"e","699":"d","700":"\\","701":"\\","702":"T","703":"e","704":"x","705":"t","706":"I","707":"n","708":"p","709":"u","710":"t","711":".","712":"v","713":"u","714":"e","715":"\"","716":",","717":"\"","718":"s","719":"o","720":"u","721":"r","722":"c","723":"e","724":"s","725":"C","726":"o","727":"n","728":"t","729":"e","730":"n","731":"t","732":"\"","733":":","734":"[","735":"\"","736":"<","737":"t","738":"e","739":"m","740":"p","741":"l","742":"a","743":"t","744":"e","745":">","746":"\\","747":"n","748":" ","749":" ","750":"<","751":"i","752":"n","753":"p","754":"u","755":"t","756":"\\","757":"n","758":" ","759":" ","760":" ","761":" ","762":"t","763":"y","764":"p","765":"e","766":"=","767":"\\","768":"\"","769":"t","770":"e","771":"x","772":"t","773":"\\","774":"\"","775":"\\","776":"n","777":" ","778":" ","779":" ","780":" ","781":":","782":"p","783":"l","784":"a","785":"c","786":"e","787":"h","788":"o","789":"l","790":"d","791":"e","792":"r","793":"=","794":"\\","795":"\"","796":"p","797":"l","798":"a","799":"c","800":"e","801":"h","802":"o","803":"l","804":"d","805":"e","806":"r","807":"\\","808":"\"","809":"\\","810":"n","811":" ","812":" ","813":" ","814":" ","815":":","816":"v","817":"a","818":"l","819":"u","820":"e","821":"=","822":"\\","823":"\"","824":"m","825":"o","826":"d","827":"e","828":"l","829":"V","830":"a","831":"l","832":"u","833":"e","834":"\\","835":"\"","836":"\\","837":"n","838":" ","839":" ","840":" ","841":" ","842":"c","843":"l","844":"a","845":"s","846":"s","847":"=","848":"\\","849":"\"","850":"w","851":"-","852":"f","853":"u","854":"l","855":"l","856":" ","857":"t","858":"e","859":"x","860":"t","861":"-","862":"l","863":"g","864":" ","865":"f","866":"o","867":"n","868":"t","869":"-","870":"n","871":"o","872":"r","873":"m","874":"a","875":"l","876":" ","877":"f","878":"o","879":"c","880":"u","881":"s","882":":","883":"o","884":"u","885":"t","886":"l","887":"i","888":"n","889":"e","890":"-","891":"n","892":"o","893":"n","894":"e","895":"\\","896":"\"","897":"\\","898":"n","899":" ","900":" ","901":" ","902":" ","903":"@","904":"i","905":"n","906":"p","907":"u","908":"t","909":"=","910":"\\","911":"\"","912":"h","913":"a","914":"n","915":"d","916":"l","917":"e","918":"I","919":"n","920":"p","921":"u","922":"t","923":"\\","924":"\"","925":"\\","926":"n","927":" ","928":" ","929":"/","930":">","931":"\\","932":"n","933":"<","934":"/","935":"t","936":"e","937":"m","938":"p","939":"l","940":"a","941":"t","942":"e","943":">","944":"\\","945":"n","946":"\\","947":"n","948":"<","949":"s","950":"c","951":"r","952":"i","953":"p","954":"t","955":">","956":"\\","957":"n","958":"e","959":"x","960":"p","961":"o","962":"r","963":"t","964":" ","965":"d","966":"e","967":"f","968":"a","969":"u","970":"l","971":"t","972":" ","973":"{","974":"\\","975":"n","976":" ","977":" ","978":"n","979":"a","980":"m","981":"e","982":":","983":" ","984":"\\","985":"\"","986":"T","987":"e","988":"x","989":"t","990":"I","991":"n","992":"p","993":"u","994":"t","995":"\\","996":"\"","997":",","998":"\\","999":"n","1000":" ","1001":" ","1002":"p","1003":"r","1004":"o","1005":"p","1006":"s","1007":":","1008":" ","1009":"{","1010":"\\","1011":"n","1012":" ","1013":" ","1014":" ","1015":" ","1016":"p","1017":"l","1018":"a","1019":"c","1020":"e","1021":"h","1022":"o","1023":"l","1024":"d","1025":"e","1026":"r","1027":":","1028":" ","1029":"{","1030":"\\","1031":"n","1032":" ","1033":" ","1034":" ","1035":" ","1036":" ","1037":" ","1038":"t","1039":"y","1040":"p","1041":"e","1042":":","1043":" ","1044":"S","1045":"t","1046":"r","1047":"i","1048":"n","1049":"g","1050":",","1051":"\\","1052":"n","1053":" ","1054":" ","1055":" ","1056":" ","1057":" ","1058":" ","1059":"r","1060":"e","1061":"q","1062":"u","1063":"i","1064":"r","1065":"e","1066":"d","1067":":","1068":" ","1069":"f","1070":"a","1071":"l","1072":"s","1073":"e","1074":",","1075":"\\","1076":"n","1077":" ","1078":" ","1079":" ","1080":" ","1081":" ","1082":" ","1083":"d","1084":"e","1085":"f","1086":"a","1087":"u","1088":"l","1089":"t","1090":":","1091":" ","1092":"\\","1093":"\"","1094":"\\","1095":"\"","1096":",","1097":"\\","1098":"n","1099":" ","1100":" ","1101":" ","1102":" ","1103":"}","1104":",","1105":"\\","1106":"n","1107":" ","1108":" ","1109":" ","1110":" ","1111":"/","1112":"/","1113":" ","1114":"v","1115":"a","1116":"l","1117":"u","1118":"e","1119":":","1120":" ","1121":"{","1122":"\\","1123":"n","1124":" ","1125":" ","1126":" ","1127":" ","1128":"/","1129":"/","1130":" ","1131":" ","1132":" ","1133":"t","1134":"y","1135":"p","1136":"e","1137":":","1138":" ","1139":"S","1140":"t","1141":"r","1142":"i","1143":"n","1144":"g","1145":",","1146":"\\","1147":"n","1148":" ","1149":" ","1150":" ","1151":" ","1152":"/","1153":"/","1154":" ","1155":" ","1156":" ","1157":"r","1158":"e","1159":"q","1160":"u","1161":"i","1162":"r","1163":"e","1164":"d","1165":":","1166":" ","1167":"t","1168":"r","1169":"u","1170":"e","1171":",","1172":"\\","1173":"n","1174":" ","1175":" ","1176":" ","1177":" ","1178":"/","1179":"/","1180":" ","1181":"}","1182":",","1183":"\\","1184":"n","1185":" ","1186":" ","1187":" ","1188":" ","1189":"m","1190":"o","1191":"d","1192":"e","1193":"l","1194":"V","1195":"a","1196":"l","1197":"u","1198":"e","1199":":","1200":" ","1201":"{","1202":"\\","1203":"n","1204":" ","1205":" ","1206":" ","1207":" ","1208":" ","1209":" ","1210":"t","1211":"y","1212":"p","1213":"e","1214":":","1215":" ","1216":"S","1217":"t","1218":"r","1219":"i","1220":"n","1221":"g","1222":",","1223":"\\","1224":"n","1225":" ","1226":" ","1227":" ","1228":" ","1229":" ","1230":" ","1231":"r","1232":"e","1233":"q","1234":"u","1235":"i","1236":"r","1237":"e","1238":"d","1239":":","1240":" ","1241":"t","1242":"r","1243":"u","1244":"e","1245":",","1246":"\\","1247":"n","1248":" ","1249":" ","1250":" ","1251":" ","1252":"}","1253":",","1254":"\\","1255":"n","1256":" ","1257":" ","1258":"}","1259":",","1260":"\\","1261":"n","1262":" ","1263":" ","1264":"e","1265":"m","1266":"i","1267":"t","1268":"s","1269":":","1270":" ","1271":"[","1272":"\\","1273":"\"","1274":"u","1275":"p","1276":"d","1277":"a","1278":"t","1279":"e","1280":":","1281":"m","1282":"o","1283":"d","1284":"e","1285":"l","1286":"V","1287":"a","1288":"l","1289":"u","1290":"e","1291":"\\","1292":"\"","1293":"]","1294":",","1295":"\\","1296":"n","1297":"\\","1298":"n","1299":" ","1300":" ","1301":"/","1302":"/","1303":" ","1304":"d","1305":"a","1306":"t","1307":"a","1308":"(","1309":")","1310":" ","1311":"{","1312":"\\","1313":"n","1314":" ","1315":" ","1316":"/","1317":"/","1318":" ","1319":" ","1320":" ","1321":"r","1322":"e","1323":"t","1324":"u","1325":"r","1326":"n","1327":" ","1328":"{","1329":"\\","1330":"n","1331":" ","1332":" ","1333":"/","1334":"/","1335":" ","1336":" ","1337":" ","1338":" ","1339":" ","1340":"v","1341":"a","1342":"l","1343":"u","1344":"e","1345":":","1346":" ","1347":"\\","1348":"\"","1349":"\\","1350":"\"","1351":",","1352":"\\","1353":"n","1354":" ","1355":" ","1356":"/","1357":"/","1358":" ","1359":" ","1360":" ","1361":"}","1362":";","1363":"\\","1364":"n","1365":" ","1366":" ","1367":"/","1368":"/","1369":" ","1370":"}","1371":",","1372":"\\","1373":"n","1374":"\\","1375":"n","1376":" ","1377":" ","1378":"m","1379":"e","1380":"t","1381":"h","1382":"o","1383":"d","1384":"s","1385":":","1386":" ","1387":"{","1388":"\\","1389":"n","1390":" ","1391":" ","1392":" ","1393":" ","1394":"h","1395":"a","1396":"n","1397":"d","1398":"l","1399":"e","1400":"I","1401":"n","1402":"p","1403":"u","1404":"t","1405":"(","1406":"$","1407":"e","1408":"v","1409":"e","1410":"n","1411":"t","1412":")","1413":" ","1414":"{","1415":"\\","1416":"n","1417":" ","1418":" ","1419":" ","1420":" ","1421":" ","1422":" ","1423":"/","1424":"/","1425":" ","1426":"t","1427":"h","1428":"i","1429":"s","1430":".","1431":"v","1432":"a","1433":"l","1434":"u","1435":"e","1436":" ","1437":"=","1438":" ","1439":"$","1440":"e","1441":"v","1442":"e","1443":"n","1444":"t","1445":".","1446":"t","1447":"a","1448":"r","1449":"g","1450":"e","1451":"t","1452":".","1453":"v","1454":"a","1455":"l","1456":"u","1457":"e","1458":";","1459":"\\","1460":"n","1461":" ","1462":" ","1463":" ","1464":" ","1465":" ","1466":" ","1467":"/","1468":"/","1469":" ","1470":"t","1471":"h","1472":"i","1473":"s","1474":".","1475":"$","1476":"e","1477":"m","1478":"i","1479":"t","1480":"(","1481":"\\","1482":"\"","1483":"h","1484":"a","1485":"n","1486":"d","1487":"l","1488":"e","1489":"I","1490":"n","1491":"p","1492":"u","1493":"t","1494":"\\","1495":"\"","1496":",","1497":" ","1498":"$","1499":"e","1500":"v","1501":"e","1502":"n","1503":"t","1504":".","1505":"t","1506":"a","1507":"r","1508":"g","1509":"e","1510":"t","1511":".","1512":"v","1513":"a","1514":"l","1515":"u","1516":"e","1517":")","1518":";","1519":"\\","1520":"n","1521":" ","1522":" ","1523":" ","1524":" ","1525":" ","1526":" ","1527":"t","1528":"h","1529":"i","1530":"s","1531":".","1532":"$","1533":"e","1534":"m","1535":"i","1536":"t","1537":"(","1538":"\\","1539":"\"","1540":"u","1541":"p","1542":"d","1543":"a","1544":"t","1545":"e","1546":":","1547":"m","1548":"o","1549":"d","1550":"e","1551":"l","1552":"V","1553":"a","1554":"l","1555":"u","1556":"e","1557":"\\","1558":"\"","1559":",","1560":" ","1561":"$","1562":"e","1563":"v","1564":"e","1565":"n","1566":"t","1567":".","1568":"t","1569":"a","1570":"r","1571":"g","1572":"e","1573":"t","1574":".","1575":"v","1576":"a","1577":"l","1578":"u","1579":"e","1580":")","1581":";","1582":"\\","1583":"n","1584":" ","1585":" ","1586":" ","1587":" ","1588":"}","1589":",","1590":"\\","1591":"n","1592":" ","1593":" ","1594":"}","1595":",","1596":"\\","1597":"n","1598":"}","1599":";","1600":"\\","1601":"n","1602":"<","1603":"/","1604":"s","1605":"c","1606":"r","1607":"i","1608":"p","1609":"t","1610":">","1611":"\\","1612":"n","1613":"\"","1614":"]","1615":"}"},"_coverageSchema":"1a1c01bbd47fc00a2c39e90264f33305004495a9","hash":"6ea9d26f104a0298bfeebc40f5be80069829b6fc"}
,"C:\\xampp_1\\htdocs\\UDEMY_VUE_MASTERCLASS\\UDEMY_VUE_MASTERCLASS\\job-search\\src\\store\\actions.js": {"path":"C:\\xampp_1\\htdocs\\UDEMY_VUE_MASTERCLASS\\UDEMY_VUE_MASTERCLASS\\job-search\\src\\store\\actions.js","statementMap":{"0":{"start":{"line":4,"column":16},"end":{"line":9,"column":1}},"1":{"start":{"line":6,"column":24},"end":{"line":6,"column":39}},"2":{"start":{"line":7,"column":4},"end":{"line":7,"column":46}}},"fnMap":{"0":{"name":"(anonymous_0)","decl":{"start":{"line":5,"column":16},"end":{"line":5,"column":17}},"loc":{"start":{"line":5,"column":35},"end":{"line":8,"column":3}},"line":5}},"branchMap":{},"s":{"0":1,"1":2,"2":2},"f":{"0":2},"b":{},"_coverageSchema":"1a1c01bbd47fc00a2c39e90264f33305004495a9","hash":"1c8112e57231055adc3e71d7018acd9a9f54f5f9"}
,"C:\\xampp_1\\htdocs\\UDEMY_VUE_MASTERCLASS\\UDEMY_VUE_MASTERCLASS\\job-search\\src\\store\\constants.js": {"path":"C:\\xampp_1\\htdocs\\UDEMY_VUE_MASTERCLASS\\UDEMY_VUE_MASTERCLASS\\job-search\\src\\store\\constants.js","statementMap":{"0":{"start":{"line":2,"column":26},"end":{"line":2,"column":38}},"1":{"start":{"line":5,"column":28},"end":{"line":5,"column":42}},"2":{"start":{"line":6,"column":26},"end":{"line":6,"column":38}},"3":{"start":{"line":7,"column":29},"end":{"line":7,"column":44}},"4":{"start":{"line":10,"column":36},"end":{"line":10,"column":58}},"5":{"start":{"line":11,"column":42},"end":{"line":11,"column":70}},"6":{"start":{"line":13,"column":43},"end":{"line":13,"column":72}},"7":{"start":{"line":16,"column":32},"end":{"line":16,"column":50}},"8":{"start":{"line":17,"column":38},"end":{"line":17,"column":62}},"9":{"start":{"line":19,"column":39},"end":{"line":19,"column":64}}},"fnMap":{},"branchMap":{},"s":{"0":8,"1":8,"2":8,"3":8,"4":8,"5":8,"6":8,"7":8,"8":8,"9":8},"f":{},"b":{},"_coverageSchema":"1a1c01bbd47fc00a2c39e90264f33305004495a9","hash":"b3cdd2dde60b00e54c88a90c3363f20fc432b390"}
,"C:\\xampp_1\\htdocs\\UDEMY_VUE_MASTERCLASS\\UDEMY_VUE_MASTERCLASS\\job-search\\src\\store\\getters.js": {"path":"C:\\xampp_1\\htdocs\\UDEMY_VUE_MASTERCLASS\\UDEMY_VUE_MASTERCLASS\\job-search\\src\\store\\getters.js","statementMap":{"0":{"start":{"line":11,"column":16},"end":{"line":69,"column":1}},"1":{"start":{"line":13,"column":32},"end":{"line":13,"column":41}},"2":{"start":{"line":14,"column":4},"end":{"line":14,"column":75}},"3":{"start":{"line":14,"column":32},"end":{"line":14,"column":73}},"4":{"start":{"line":15,"column":4},"end":{"line":15,"column":31}},"5":{"start":{"line":26,"column":27},"end":{"line":26,"column":36}},"6":{"start":{"line":27,"column":4},"end":{"line":27,"column":65}},"7":{"start":{"line":27,"column":32},"end":{"line":27,"column":63}},"8":{"start":{"line":28,"column":4},"end":{"line":28,"column":26}},"9":{"start":{"line":39,"column":44},"end":{"line":42,"column":3}},"10":{"start":{"line":40,"column":4},"end":{"line":40,"column":62}},"11":{"start":{"line":40,"column":50},"end":{"line":40,"column":62}},"12":{"start":{"line":41,"column":4},"end":{"line":41,"column":66}},"13":{"start":{"line":44,"column":40},"end":{"line":47,"column":3}},"14":{"start":{"line":45,"column":4},"end":{"line":45,"column":57}},"15":{"start":{"line":45,"column":45},"end":{"line":45,"column":57}},"16":{"start":{"line":46,"column":4},"end":{"line":46,"column":56}},"17":{"start":{"line":50,"column":4},"end":{"line":52,"column":61}},"18":{"start":{"line":51,"column":23},"end":{"line":51,"column":63}},"19":{"start":{"line":52,"column":23},"end":{"line":52,"column":59}}},"fnMap":{"0":{"name":"(anonymous_0)","decl":{"start":{"line":12,"column":2},"end":{"line":12,"column":3}},"loc":{"start":{"line":12,"column":32},"end":{"line":16,"column":3}},"line":12},"1":{"name":"(anonymous_1)","decl":{"start":{"line":14,"column":23},"end":{"line":14,"column":24}},"loc":{"start":{"line":14,"column":32},"end":{"line":14,"column":73}},"line":14},"2":{"name":"(anonymous_2)","decl":{"start":{"line":25,"column":2},"end":{"line":25,"column":3}},"loc":{"start":{"line":25,"column":28},"end":{"line":29,"column":3}},"line":25},"3":{"name":"(anonymous_3)","decl":{"start":{"line":27,"column":23},"end":{"line":27,"column":24}},"loc":{"start":{"line":27,"column":32},"end":{"line":27,"column":63}},"line":27},"4":{"name":"(anonymous_4)","decl":{"start":{"line":39,"column":33},"end":{"line":39,"column":34}},"loc":{"start":{"line":39,"column":44},"end":{"line":42,"column":3}},"line":39},"5":{"name":"(anonymous_5)","decl":{"start":{"line":39,"column":44},"end":{"line":39,"column":45}},"loc":{"start":{"line":39,"column":53},"end":{"line":42,"column":3}},"line":39},"6":{"name":"(anonymous_6)","decl":{"start":{"line":44,"column":29},"end":{"line":44,"column":30}},"loc":{"start":{"line":44,"column":40},"end":{"line":47,"column":3}},"line":44},"7":{"name":"(anonymous_7)","decl":{"start":{"line":44,"column":40},"end":{"line":44,"column":41}},"loc":{"start":{"line":44,"column":49},"end":{"line":47,"column":3}},"line":44},"8":{"name":"(anonymous_8)","decl":{"start":{"line":49,"column":2},"end":{"line":49,"column":3}},"loc":{"start":{"line":49,"column":34},"end":{"line":68,"column":3}},"line":49},"9":{"name":"(anonymous_9)","decl":{"start":{"line":51,"column":14},"end":{"line":51,"column":15}},"loc":{"start":{"line":51,"column":23},"end":{"line":51,"column":63}},"line":51},"10":{"name":"(anonymous_10)","decl":{"start":{"line":52,"column":14},"end":{"line":52,"column":15}},"loc":{"start":{"line":52,"column":23},"end":{"line":52,"column":59}},"line":52}},"branchMap":{"0":{"loc":{"start":{"line":40,"column":4},"end":{"line":40,"column":62}},"type":"if","locations":[{"start":{"line":40,"column":4},"end":{"line":40,"column":62}},{"start":{},"end":{}}],"line":40},"1":{"loc":{"start":{"line":45,"column":4},"end":{"line":45,"column":57}},"type":"if","locations":[{"start":{"line":45,"column":4},"end":{"line":45,"column":57}},{"start":{},"end":{}}],"line":45}},"s":{"0":1,"1":1,"2":1,"3":3,"4":1,"5":1,"6":1,"7":3,"8":1,"9":2,"10":2,"11":1,"12":1,"13":2,"14":2,"15":1,"16":1,"17":1,"18":1,"19":1},"f":{"0":1,"1":3,"2":1,"3":3,"4":2,"5":2,"6":2,"7":2,"8":1,"9":1,"10":1},"b":{"0":[1,1],"1":[1,1]},"_coverageSchema":"1a1c01bbd47fc00a2c39e90264f33305004495a9","hash":"250224de92a59a0e5d429c59619a943ab34c4438"}
,"C:\\xampp_1\\htdocs\\UDEMY_VUE_MASTERCLASS\\UDEMY_VUE_MASTERCLASS\\job-search\\src\\store\\mutations.js": {"path":"C:\\xampp_1\\htdocs\\UDEMY_VUE_MASTERCLASS\\UDEMY_VUE_MASTERCLASS\\job-search\\src\\store\\mutations.js","statementMap":{"0":{"start":{"line":8,"column":18},"end":{"line":21,"column":1}},"1":{"start":{"line":10,"column":4},"end":{"line":10,"column":28}},"2":{"start":{"line":13,"column":4},"end":{"line":13,"column":27}},"3":{"start":{"line":16,"column":4},"end":{"line":16,"column":48}},"4":{"start":{"line":19,"column":4},"end":{"line":19,"column":38}}},"fnMap":{"0":{"name":"(anonymous_0)","decl":{"start":{"line":9,"column":2},"end":{"line":9,"column":3}},"loc":{"start":{"line":9,"column":22},"end":{"line":11,"column":3}},"line":9},"1":{"name":"(anonymous_1)","decl":{"start":{"line":12,"column":2},"end":{"line":12,"column":3}},"loc":{"start":{"line":12,"column":30},"end":{"line":14,"column":3}},"line":12},"2":{"name":"(anonymous_2)","decl":{"start":{"line":15,"column":2},"end":{"line":15,"column":3}},"loc":{"start":{"line":15,"column":53},"end":{"line":17,"column":3}},"line":15},"3":{"name":"(anonymous_3)","decl":{"start":{"line":18,"column":2},"end":{"line":18,"column":3}},"loc":{"start":{"line":18,"column":44},"end":{"line":20,"column":3}},"line":18}},"branchMap":{},"s":{"0":1,"1":1,"2":1,"3":1,"4":1},"f":{"0":1,"1":1,"2":1,"3":1},"b":{},"_coverageSchema":"1a1c01bbd47fc00a2c39e90264f33305004495a9","hash":"7869f803bf6d902291cde083ef1b1c78f681a348"}
,"C:\\xampp_1\\htdocs\\UDEMY_VUE_MASTERCLASS\\UDEMY_VUE_MASTERCLASS\\job-search\\src\\store\\state.js": {"path":"C:\\xampp_1\\htdocs\\UDEMY_VUE_MASTERCLASS\\UDEMY_VUE_MASTERCLASS\\job-search\\src\\store\\state.js","statementMap":{"0":{"start":{"line":1,"column":14},"end":{"line":8,"column":1}},"1":{"start":{"line":2,"column":2},"end":{"line":7,"column":4}}},"fnMap":{"0":{"name":"(anonymous_0)","decl":{"start":{"line":1,"column":14},"end":{"line":1,"column":15}},"loc":{"start":{"line":1,"column":20},"end":{"line":8,"column":1}},"line":1}},"branchMap":{},"s":{"0":1,"1":4},"f":{"0":4},"b":{},"_coverageSchema":"1a1c01bbd47fc00a2c39e90264f33305004495a9","hash":"54574e012dd6faca3722858d1b85efce3dba1833"}
,"C:\\xampp_1\\htdocs\\UDEMY_VUE_MASTERCLASS\\UDEMY_VUE_MASTERCLASS\\job-search\\src\\utils\\nextElementInList.js": {"path":"C:\\xampp_1\\htdocs\\UDEMY_VUE_MASTERCLASS\\UDEMY_VUE_MASTERCLASS\\job-search\\src\\utils\\nextElementInList.js","statementMap":{"0":{"start":{"line":1,"column":26},"end":{"line":7,"column":1}},"1":{"start":{"line":2,"column":29},"end":{"line":2,"column":48}},"2":{"start":{"line":3,"column":25},"end":{"line":3,"column":63}},"3":{"start":{"line":4,"column":20},"end":{"line":4,"column":40}},"4":{"start":{"line":6,"column":2},"end":{"line":6,"column":19}}},"fnMap":{"0":{"name":"(anonymous_0)","decl":{"start":{"line":1,"column":26},"end":{"line":1,"column":27}},"loc":{"start":{"line":1,"column":43},"end":{"line":7,"column":1}},"line":1}},"branchMap":{},"s":{"0":2,"1":5,"2":5,"3":5,"4":5},"f":{"0":5},"b":{},"_coverageSchema":"1a1c01bbd47fc00a2c39e90264f33305004495a9","hash":"a0bbf56329bde395099dbb80a10775b683f93086"}
}
