TN:
SF:src\api\getJobs.js
FN:3,(anonymous_0)
FNF:1
FNH:1
FNDA:2,(anonymous_0)
DA:3,2
DA:4,2
DA:5,2
DA:6,2
LF:4
LH:4
BRF:0
BRH:0
end_of_record
TN:
SF:src\assets\PngItem_1030588.png
FNF:0
FNH:0
DA:1,2
LF:1
LH:1
BRF:0
BRH:0
end_of_record
TN:
SF:src\components\JobResults\JobListing.vue
FN:17,(anonymous_0)
FN:58,render
FN:64,(anonymous_2)
FN:64,(anonymous_3)
FN:69,(anonymous_4)
FN:77,(anonymous_5)
FNF:6
FNH:6
FNDA:5,(anonymous_0)
FNDA:5,render
FNDA:5,(anonymous_2)
FNDA:6,(anonymous_3)
FNDA:6,(anonymous_4)
FNDA:5,(anonymous_5)
DA:4,2
DA:7,2
DA:8,2
DA:18,5
DA:24,2
DA:26,2
DA:29,2
DA:30,2
DA:31,2
DA:34,2
DA:37,2
DA:40,2
DA:43,2
DA:46,2
DA:49,2
DA:52,2
DA:55,2
DA:59,5
DA:60,5
DA:64,5
DA:65,6
DA:70,6
DA:77,5
DA:82,2
LF:24
LH:24
BRF:0
BRH:0
end_of_record
TN:
SF:src\components\JobResults\JobListings.vue
FN:156,render
FN:159,(anonymous_1)
FN:176,(anonymous_2)
FN:189,(anonymous_3)
FNF:4
FNH:4
FNDA:8,render
FNDA:30,(anonymous_1)
FNDA:4,(anonymous_2)
FNDA:2,(anonymous_3)
DA:4,1
DA:5,1
DA:8,1
DA:134,1
DA:136,1
DA:139,1
DA:140,1
DA:141,1
DA:144,1
DA:147,1
DA:150,1
DA:153,1
DA:157,8
DA:158,8
DA:159,8
DA:160,30
DA:176,4
DA:189,2
DA:192,1
LF:19
LH:19
BRDA:165,0,0,4
BRDA:165,0,1,4
BRDA:178,1,0,2
BRDA:178,1,1,6
BRF:4
BRH:4
end_of_record
TN:
SF:src\components\JobResults\JobFiltersSidebar\JobFiltersSidebarJobTypes.vue
FN:89,render
FN:94,(anonymous_1)
FN:94,(anonymous_2)
FN:100,(anonymous_3)
FN:105,(anonymous_4)
FNF:5
FNH:5
FNDA:2,render
FNDA:3,(anonymous_1)
FNDA:6,(anonymous_2)
FNDA:1,(anonymous_3)
FNDA:1,(anonymous_4)
DA:4,1
DA:5,1
DA:8,1
DA:9,1
DA:74,1
DA:76,1
DA:79,1
DA:80,1
DA:81,1
DA:84,1
DA:87,1
DA:88,1
DA:90,2
DA:91,2
DA:94,3
DA:95,6
DA:100,1
DA:106,1
DA:115,1
LF:19
LH:19
BRDA:100,0,0,6
BRDA:100,0,1,2
BRDA:105,1,0,6
BRDA:105,1,1,2
BRDA:106,2,0,1
BRDA:106,2,1,1
BRF:6
BRH:6
end_of_record
TN:
SF:src\components\JobResults\JobFiltersSidebar\JobFiltersSidebarOrganizations.vue
FN:85,render
FN:90,(anonymous_1)
FN:90,(anonymous_2)
FN:96,(anonymous_3)
FN:101,(anonymous_4)
FNF:5
FNH:5
FNDA:2,render
FNDA:3,(anonymous_1)
FNDA:6,(anonymous_2)
FNDA:1,(anonymous_3)
FNDA:1,(anonymous_4)
DA:4,1
DA:5,1
DA:8,1
DA:70,1
DA:72,1
DA:75,1
DA:76,1
DA:77,1
DA:80,1
DA:83,1
DA:84,1
DA:86,2
DA:87,2
DA:90,3
DA:91,6
DA:96,1
DA:102,1
DA:111,1
LF:18
LH:18
BRDA:96,0,0,6
BRDA:96,0,1,2
BRDA:101,1,0,6
BRDA:101,1,1,2
BRDA:102,2,0,1
BRDA:102,2,1,1
BRF:6
BRH:6
end_of_record
TN:
SF:src\components\JobSearch\Headline.vue
FN:80,render
FNF:1
FNH:1
FNDA:7,render
DA:4,1
DA:5,1
DA:8,1
DA:61,1
DA:63,1
DA:66,1
DA:67,1
DA:68,1
DA:71,1
DA:75,1
DA:76,1
DA:81,7
DA:84,1
LF:13
LH:13
BRF:0
BRH:0
end_of_record
TN:
SF:src\components\JobSearch\JobsSearchForm.vue
FN:98,render
FN:104,(anonymous_1)
FN:112,(anonymous_2)
FN:117,(anonymous_3)
FNF:4
FNH:4
FNDA:3,render
FNDA:1,(anonymous_1)
FNDA:1,(anonymous_2)
FNDA:1,(anonymous_3)
DA:4,1
DA:5,1
DA:8,1
DA:9,1
DA:70,1
DA:72,1
DA:75,1
DA:76,1
DA:77,1
DA:80,1
DA:83,1
DA:87,1
DA:90,1
DA:93,1
DA:99,3
DA:100,3
DA:101,3
DA:102,3
DA:105,1
DA:112,1
DA:117,1
DA:126,1
LF:22
LH:22
BRDA:104,0,0,3
BRDA:104,0,1,1
BRDA:105,1,0,1
BRDA:105,1,1,1
BRDA:112,2,0,3
BRDA:112,2,1,1
BRDA:117,3,0,3
BRDA:117,3,1,1
BRF:8
BRH:8
end_of_record
TN:
SF:src\components\JobSearch\Spotlight.vue
FN:41,render
FN:42,(anonymous_1)
FNF:2
FNH:2
FNDA:6,render
FNDA:3,(anonymous_1)
DA:4,1
DA:5,1
DA:8,1
DA:34,1
DA:36,1
DA:39,1
DA:40,1
DA:42,6
DA:43,3
DA:51,1
LF:10
LH:10
BRF:0
BRH:0
end_of_record
TN:
SF:src\components\Navigation\MainNav.vue
FN:140,render
FN:153,(anonymous_1)
FN:155,(anonymous_2)
FN:164,(anonymous_3)
FN:176,(anonymous_4)
FNF:5
FNH:5
FNDA:6,render
FNDA:6,(anonymous_1)
FNDA:36,(anonymous_2)
FNDA:36,(anonymous_3)
FNDA:1,(anonymous_4)
DA:4,1
DA:5,1
DA:8,1
DA:118,1
DA:120,1
DA:123,1
DA:124,1
DA:125,1
DA:128,1
DA:131,1
DA:134,1
DA:137,1
DA:141,6
DA:142,6
DA:143,6
DA:144,6
DA:145,6
DA:153,6
DA:156,36
DA:164,36
DA:176,1
DA:181,1
LF:22
LH:22
BRDA:168,0,0,2
BRDA:168,0,1,4
BRDA:176,1,0,4
BRDA:176,1,1,4
BRDA:177,2,0,2
BRDA:177,2,1,4
BRF:6
BRH:6
end_of_record
TN:
SF:src\components\Navigation\ProfileImage.vue
FN:35,render
FNF:1
FNH:1
FNDA:1,render
DA:4,2
DA:5,2
DA:8,2
DA:27,2
DA:29,2
DA:32,2
DA:33,2
DA:34,2
DA:36,1
DA:40,2
LF:10
LH:10
BRF:0
BRH:0
end_of_record
TN:
SF:src\components\Navigation\SubNav.vue
FN:61,render
FNF:1
FNH:1
FNDA:2,render
DA:4,2
DA:7,2
DA:41,2
DA:43,2
DA:46,2
DA:47,2
DA:48,2
DA:51,2
DA:54,2
DA:58,2
DA:62,2
DA:63,2
DA:67,2
LF:13
LH:13
BRDA:63,0,0,1
BRDA:63,0,1,1
BRF:2
BRH:2
end_of_record
TN:
SF:src\components\Shared\Accordion.vue
FN:16,(anonymous_0)
FN:22,(anonymous_1)
FN:27,(anonymous_2)
FN:53,render
FN:58,(anonymous_4)
FN:63,(anonymous_5)
FNF:6
FNH:6
FNDA:6,(anonymous_0)
FNDA:12,(anonymous_1)
FNDA:6,(anonymous_2)
FNDA:14,render
FNDA:6,(anonymous_4)
FNDA:1,(anonymous_5)
DA:4,3
DA:7,3
DA:8,3
DA:17,6
DA:23,12
DA:28,6
DA:34,3
DA:36,3
DA:39,3
DA:40,3
DA:41,3
DA:44,3
DA:47,3
DA:51,3
DA:54,14
DA:55,14
DA:59,6
DA:63,1
DA:64,3
LF:19
LH:19
BRDA:23,0,0,6
BRDA:23,0,1,6
BRDA:58,1,0,14
BRDA:58,1,1,6
BRDA:59,2,0,6
BRDA:59,2,1,6
BRDA:63,3,0,8
BRDA:63,3,1,6
BRF:8
BRH:8
end_of_record
TN:
SF:src\components\Shared\ActionButton.vue
FN:19,(anonymous_0)
FN:25,(anonymous_1)
FN:41,render
FNF:3
FNH:3
FNDA:7,(anonymous_0)
FNDA:3,(anonymous_1)
FNDA:3,render
DA:4,3
DA:7,3
DA:8,3
DA:20,7
DA:26,3
DA:34,3
DA:36,3
DA:39,3
DA:40,3
DA:42,3
DA:45,3
LF:11
LH:11
BRF:0
BRH:0
end_of_record
TN:
SF:src\components\Shared\HeaderContainer.vue
FN:26,render
FN:27,(anonymous_1)
FN:27,(anonymous_2)
FNF:3
FNH:2
FNDA:2,render
FNDA:0,(anonymous_1)
FNDA:2,(anonymous_2)
DA:4,1
DA:7,1
DA:8,1
DA:13,1
DA:15,1
DA:18,1
DA:19,1
DA:20,1
DA:23,1
DA:27,2
DA:28,1
LF:11
LH:11
BRF:0
BRH:0
end_of_record
TN:
SF:src\components\Shared\TextInput.vue
FN:33,(anonymous_0)
FN:50,render
FN:56,(anonymous_2)
FNF:3
FNH:3
FNDA:5,(anonymous_0)
FNDA:5,render
FNDA:5,(anonymous_2)
DA:4,2
DA:7,2
DA:8,2
DA:36,5
DA:42,2
DA:44,2
DA:47,2
DA:48,2
DA:49,2
DA:51,5
DA:57,5
DA:60,2
LF:12
LH:12
BRDA:56,0,0,5
BRDA:56,0,1,3
BRDA:57,1,0,5
BRDA:57,1,1,5
BRF:4
BRH:4
end_of_record
TN:
SF:src\store\actions.js
FN:5,(anonymous_0)
FNF:1
FNH:1
FNDA:2,(anonymous_0)
DA:4,1
DA:6,2
DA:7,2
LF:3
LH:3
BRF:0
BRH:0
end_of_record
TN:
SF:src\store\constants.js
FNF:0
FNH:0
DA:2,8
DA:5,8
DA:6,8
DA:7,8
DA:10,8
DA:11,8
DA:13,8
DA:16,8
DA:17,8
DA:19,8
LF:10
LH:10
BRF:0
BRH:0
end_of_record
TN:
SF:src\store\getters.js
FN:12,(anonymous_0)
FN:14,(anonymous_1)
FN:25,(anonymous_2)
FN:27,(anonymous_3)
FN:39,(anonymous_4)
FN:39,(anonymous_5)
FN:44,(anonymous_6)
FN:44,(anonymous_7)
FN:49,(anonymous_8)
FN:51,(anonymous_9)
FN:52,(anonymous_10)
FNF:11
FNH:11
FNDA:1,(anonymous_0)
FNDA:3,(anonymous_1)
FNDA:1,(anonymous_2)
FNDA:3,(anonymous_3)
FNDA:2,(anonymous_4)
FNDA:2,(anonymous_5)
FNDA:2,(anonymous_6)
FNDA:2,(anonymous_7)
FNDA:1,(anonymous_8)
FNDA:1,(anonymous_9)
FNDA:1,(anonymous_10)
DA:11,1
DA:13,1
DA:14,3
DA:15,1
DA:26,1
DA:27,3
DA:28,1
DA:39,2
DA:40,2
DA:41,1
DA:44,2
DA:45,2
DA:46,1
DA:50,1
DA:51,1
DA:52,1
LF:16
LH:16
BRDA:40,0,0,1
BRDA:40,0,1,1
BRDA:45,1,0,1
BRDA:45,1,1,1
BRF:4
BRH:4
end_of_record
TN:
SF:src\store\mutations.js
FN:9,(anonymous_0)
FN:12,(anonymous_1)
FN:15,(anonymous_2)
FN:18,(anonymous_3)
FNF:4
FNH:4
FNDA:1,(anonymous_0)
FNDA:1,(anonymous_1)
FNDA:1,(anonymous_2)
FNDA:1,(anonymous_3)
DA:8,1
DA:10,1
DA:13,1
DA:16,1
DA:19,1
LF:5
LH:5
BRF:0
BRH:0
end_of_record
TN:
SF:src\store\state.js
FN:1,(anonymous_0)
FNF:1
FNH:1
FNDA:4,(anonymous_0)
DA:1,1
DA:2,4
LF:2
LH:2
BRF:0
BRH:0
end_of_record
TN:
SF:src\utils\nextElementInList.js
FN:1,(anonymous_0)
FNF:1
FNH:1
FNDA:5,(anonymous_0)
DA:1,2
DA:2,5
DA:3,5
DA:4,5
DA:6,5
LF:5
LH:5
BRF:0
BRH:0
end_of_record
